[ 2016-06-06T14:39:08+08:00 ] ::1 /2014HTML5Lession/Demo2-13/Demo2-13-5/
INFO: [ app_init ] --START--
INFO: Run Behavior\BuildLiteBehavior [ RunTime:0.000027s ]
INFO: [ app_init ] --END-- [ RunTime:0.000382s ]
INFO: [ app_begin ] --START--
INFO: Run Behavior\ReadHtmlCacheBehavior [ RunTime:0.000406s ]
INFO: [ app_begin ] --END-- [ RunTime:0.000490s ]
INFO: [ view_parse ] --START--
INFO: Run Behavior\ParseTemplateBehavior [ RunTime:0.000412s ]
INFO: [ view_parse ] --END-- [ RunTime:0.000619s ]
INFO: [ view_filter ] --START--
INFO: Run Behavior\WriteHtmlCacheBehavior [ RunTime:0.000214s ]
INFO: [ view_filter ] --END-- [ RunTime:0.000340s ]
INFO: [ app_end ] --START--
INFO: Run Behavior\ShowPageTraceBehavior [ RunTime:0.000623s ]
INFO: [ app_end ] --END-- [ RunTime:0.000726s ]

[ 2016-06-06T14:39:09+08:00 ] ::1 /2014HTML5Lession/Demo2-13/Demo2-13-5/index.php/News/index
INFO: [ app_init ] --START--
INFO: Run Behavior\BuildLiteBehavior [ RunTime:0.000021s ]
INFO: [ app_init ] --END-- [ RunTime:0.000413s ]
INFO: [ app_begin ] --START--
INFO: Run Behavior\ReadHtmlCacheBehavior [ RunTime:0.000299s ]
INFO: [ app_begin ] --END-- [ RunTime:0.000378s ]
ERR: SQLSTATE[HY000] [2002] No such file or directory

[ 2016-06-06T14:40:12+08:00 ] ::1 /2014HTML5Lession/Demo2-13/Demo2-13-5/index.php/News/index
INFO: [ app_init ] --START--
INFO: Run Behavior\BuildLiteBehavior [ RunTime:0.000030s ]
INFO: [ app_init ] --END-- [ RunTime:0.000384s ]
INFO: [ app_begin ] --START--
INFO: Run Behavior\ReadHtmlCacheBehavior [ RunTime:0.000481s ]
INFO: [ app_begin ] --END-- [ RunTime:0.000597s ]
ERR: SQLSTATE[HY000] [2002] No such file or directory

[ 2016-06-06T14:40:17+08:00 ] ::1 /2014HTML5Lession/Demo2-13/Demo2-13-5/index.php/News/index
INFO: [ app_init ] --START--
INFO: Run Behavior\BuildLiteBehavior [ RunTime:0.000031s ]
INFO: [ app_init ] --END-- [ RunTime:0.000834s ]
INFO: [ app_begin ] --START--
INFO: Run Behavior\ReadHtmlCacheBehavior [ RunTime:0.000365s ]
INFO: [ app_begin ] --END-- [ RunTime:0.000454s ]
SQL: SHOW COLUMNS FROM `news_article` [ RunTime:0.0354s ]
SQL: SELECT * FROM `news_article` WHERE `catid` = 1 AND `author` = '秘书' ORDER BY updatetime LIMIT 0,2   [ RunTime:0.0015s ]
INFO: [ view_parse ] --START--
INFO: [ template_filter ] --START--
INFO: Run Behavior\ContentReplaceBehavior [ RunTime:0.000088s ]
INFO: [ template_filter ] --END-- [ RunTime:0.000209s ]
NOTIC: [2] file_put_contents(./Application/Runtime/Cache/Home/3e24b471de08a8366f7660bb176a5e74.php): failed to open stream: Permission denied /Library/WebServer/Documents/2014HTML5Lession/Demo2-13/Demo2-13-5/ThinkPHP/Library/Think/Storage/Driver/File.class.php 第 47 行.
ERR: _STORAGE_WRITE_ERROR_:./Application/Runtime/Cache/Home/3e24b471de08a8366f7660bb176a5e74.php

[ 2016-06-06T14:41:07+08:00 ] ::1 /2014HTML5Lession/Demo2-13/Demo2-13-5/index.php/News/index
INFO: [ app_init ] --START--
INFO: Run Behavior\BuildLiteBehavior [ RunTime:0.000029s ]
INFO: [ app_init ] --END-- [ RunTime:0.000382s ]
INFO: [ app_begin ] --START--
INFO: Run Behavior\ReadHtmlCacheBehavior [ RunTime:0.000353s ]
INFO: [ app_begin ] --END-- [ RunTime:0.000437s ]
SQL: SHOW COLUMNS FROM `news_article` [ RunTime:0.0017s ]
SQL: SELECT * FROM `news_article` WHERE `catid` = 1 AND `author` = '秘书' ORDER BY updatetime LIMIT 0,2   [ RunTime:0.0004s ]
INFO: [ view_parse ] --START--
INFO: [ template_filter ] --START--
INFO: Run Behavior\ContentReplaceBehavior [ RunTime:0.000070s ]
INFO: [ template_filter ] --END-- [ RunTime:0.000165s ]
INFO: Run Behavior\ParseTemplateBehavior [ RunTime:0.021800s ]
INFO: [ view_parse ] --END-- [ RunTime:0.021945s ]
INFO: [ view_filter ] --START--
INFO: Run Behavior\WriteHtmlCacheBehavior [ RunTime:0.000263s ]
INFO: [ view_filter ] --END-- [ RunTime:0.000381s ]
INFO: [ app_end ] --START--
INFO: Run Behavior\ShowPageTraceBehavior [ RunTime:0.000523s ]
INFO: [ app_end ] --END-- [ RunTime:0.000635s ]

[ 2016-06-06T14:41:13+08:00 ] ::1 /2014HTML5Lession/Demo2-13/Demo2-13-5/index.php/News/edit/id/2
INFO: [ app_init ] --START--
INFO: Run Behavior\BuildLiteBehavior [ RunTime:0.000030s ]
INFO: [ app_init ] --END-- [ RunTime:0.000484s ]
INFO: [ app_begin ] --START--
INFO: Run Behavior\ReadHtmlCacheBehavior [ RunTime:0.000517s ]
INFO: [ app_begin ] --END-- [ RunTime:0.000634s ]
SQL: SHOW COLUMNS FROM `news_category` [ RunTime:0.0754s ]
SQL: SELECT * FROM `news_category`  [ RunTime:0.0003s ]
SQL: SHOW COLUMNS FROM `news_article` [ RunTime:0.0017s ]
SQL: SELECT * FROM `news_article` WHERE `id` = 2 LIMIT 1   [ RunTime:0.0003s ]
INFO: [ view_parse ] --START--
INFO: [ template_filter ] --START--
INFO: Run Behavior\ContentReplaceBehavior [ RunTime:0.000082s ]
INFO: [ template_filter ] --END-- [ RunTime:0.000185s ]
NOTIC: [8] Use of undefined constant id - assumed 'id' /Library/WebServer/Documents/2014HTML5Lession/Demo2-13/Demo2-13-5/Application/Runtime/Cache/Home/dc640664a5ad52ddaa1267f440fdcf80.php 第 13 行.
NOTIC: [8] Use of undefined constant categoryname - assumed 'categoryname' /Library/WebServer/Documents/2014HTML5Lession/Demo2-13/Demo2-13-5/Application/Runtime/Cache/Home/dc640664a5ad52ddaa1267f440fdcf80.php 第 13 行.
NOTIC: [8] Use of undefined constant id - assumed 'id' /Library/WebServer/Documents/2014HTML5Lession/Demo2-13/Demo2-13-5/Application/Runtime/Cache/Home/dc640664a5ad52ddaa1267f440fdcf80.php 第 13 行.
NOTIC: [8] Use of undefined constant categoryname - assumed 'categoryname' /Library/WebServer/Documents/2014HTML5Lession/Demo2-13/Demo2-13-5/Application/Runtime/Cache/Home/dc640664a5ad52ddaa1267f440fdcf80.php 第 13 行.
INFO: Run Behavior\ParseTemplateBehavior [ RunTime:0.023710s ]
INFO: [ view_parse ] --END-- [ RunTime:0.023879s ]
INFO: [ view_filter ] --START--
INFO: Run Behavior\WriteHtmlCacheBehavior [ RunTime:0.000251s ]
INFO: [ view_filter ] --END-- [ RunTime:0.000356s ]
INFO: [ app_end ] --START--
INFO: Run Behavior\ShowPageTraceBehavior [ RunTime:0.000525s ]
INFO: [ app_end ] --END-- [ RunTime:0.000636s ]

[ 2016-06-06T14:43:27+08:00 ] ::1 /2014HTML5Lession/Demo2-13/Demo2-13-5/index.php/News/edit/ids/2
INFO: [ app_init ] --START--
INFO: Run Behavior\BuildLiteBehavior [ RunTime:0.000033s ]
INFO: [ app_init ] --END-- [ RunTime:0.000457s ]
INFO: [ app_begin ] --START--
INFO: Run Behavior\ReadHtmlCacheBehavior [ RunTime:0.000426s ]
INFO: [ app_begin ] --END-- [ RunTime:0.000534s ]
ERR: 参数错误或者未定义:id

[ 2016-06-06T14:44:38+08:00 ] ::1 /2014HTML5Lession/Demo2-13/Demo2-13-5/index.php/News/edit/ids/2
INFO: [ app_init ] --START--
INFO: Run Behavior\BuildLiteBehavior [ RunTime:0.000025s ]
INFO: [ app_init ] --END-- [ RunTime:0.000372s ]
INFO: [ app_begin ] --START--
INFO: Run Behavior\ReadHtmlCacheBehavior [ RunTime:0.000345s ]
INFO: [ app_begin ] --END-- [ RunTime:0.000432s ]
SQL: SHOW COLUMNS FROM `news_category` [ RunTime:0.0014s ]
SQL: SELECT * FROM `news_category`  [ RunTime:0.0002s ]
SQL: SHOW COLUMNS FROM `news_article` [ RunTime:0.0012s ]
SQL: SELECT * FROM `news_article` WHERE `id` = 0 LIMIT 1   [ RunTime:0.0002s ]
INFO: [ view_parse ] --START--
INFO: [ template_filter ] --START--
INFO: Run Behavior\ContentReplaceBehavior [ RunTime:0.000073s ]
INFO: [ template_filter ] --END-- [ RunTime:0.000161s ]
NOTIC: [8] Use of undefined constant id - assumed 'id' /Library/WebServer/Documents/2014HTML5Lession/Demo2-13/Demo2-13-5/Application/Runtime/Cache/Home/dc640664a5ad52ddaa1267f440fdcf80.php 第 13 行.
NOTIC: [8] Use of undefined constant categoryname - assumed 'categoryname' /Library/WebServer/Documents/2014HTML5Lession/Demo2-13/Demo2-13-5/Application/Runtime/Cache/Home/dc640664a5ad52ddaa1267f440fdcf80.php 第 13 行.
NOTIC: [8] Use of undefined constant id - assumed 'id' /Library/WebServer/Documents/2014HTML5Lession/Demo2-13/Demo2-13-5/Application/Runtime/Cache/Home/dc640664a5ad52ddaa1267f440fdcf80.php 第 13 行.
NOTIC: [8] Use of undefined constant categoryname - assumed 'categoryname' /Library/WebServer/Documents/2014HTML5Lession/Demo2-13/Demo2-13-5/Application/Runtime/Cache/Home/dc640664a5ad52ddaa1267f440fdcf80.php 第 13 行.
INFO: Run Behavior\ParseTemplateBehavior [ RunTime:0.021750s ]
INFO: [ view_parse ] --END-- [ RunTime:0.021872s ]
INFO: [ view_filter ] --START--
INFO: Run Behavior\WriteHtmlCacheBehavior [ RunTime:0.000300s ]
INFO: [ view_filter ] --END-- [ RunTime:0.000404s ]
INFO: [ app_end ] --START--
INFO: Run Behavior\ShowPageTraceBehavior [ RunTime:0.000512s ]
INFO: [ app_end ] --END-- [ RunTime:0.000621s ]

[ 2016-06-06T14:44:49+08:00 ] ::1 /2014HTML5Lession/Demo2-13/Demo2-13-5/index.php/News/edit/ids/2
INFO: [ app_init ] --START--
INFO: Run Behavior\BuildLiteBehavior [ RunTime:0.000032s ]
INFO: [ app_init ] --END-- [ RunTime:0.000505s ]
INFO: [ app_begin ] --START--
INFO: Run Behavior\ReadHtmlCacheBehavior [ RunTime:0.000496s ]
INFO: [ app_begin ] --END-- [ RunTime:0.000663s ]
SQL: SHOW COLUMNS FROM `news_article` [ RunTime:0.0473s ]
NOTIC: [8] Undefined index: validate /Library/WebServer/Documents/2014HTML5Lession/Demo2-13/Demo2-13-5/ThinkPHP/Library/Think/Model.class.php 第 1185 行.
NOTIC: [8] Undefined index: auto /Library/WebServer/Documents/2014HTML5Lession/Demo2-13/Demo2-13-5/ThinkPHP/Library/Think/Model.class.php 第 1128 行.
SQL: UPDATE `news_article` SET `catid`='1',`title`='',`content`='',`author`='' WHERE `id` = 0 [ RunTime:0.0006s ]
INFO: [ app_end ] --START--
INFO: Run Behavior\ShowPageTraceBehavior [ RunTime:0.000554s ]
INFO: [ app_end ] --END-- [ RunTime:0.000656s ]

[ 2016-06-06T14:45:33+08:00 ] ::1 /2014HTML5Lession/Demo2-13/Demo2-13-5/index.php/News/edit/2/now
INFO: [ app_init ] --START--
INFO: Run Behavior\BuildLiteBehavior [ RunTime:0.000020s ]
INFO: [ app_init ] --END-- [ RunTime:0.000285s ]
INFO: [ app_begin ] --START--
INFO: Run Behavior\ReadHtmlCacheBehavior [ RunTime:0.000418s ]
INFO: [ app_begin ] --END-- [ RunTime:0.000516s ]
SQL: SHOW COLUMNS FROM `news_category` [ RunTime:0.0052s ]
SQL: SELECT * FROM `news_category`  [ RunTime:0.0003s ]
SQL: SHOW COLUMNS FROM `news_article` [ RunTime:0.0012s ]
SQL: SELECT * FROM `news_article` WHERE `id` = 2 LIMIT 1   [ RunTime:0.0002s ]
INFO: [ view_parse ] --START--
INFO: [ template_filter ] --START--
INFO: Run Behavior\ContentReplaceBehavior [ RunTime:0.000070s ]
INFO: [ template_filter ] --END-- [ RunTime:0.000171s ]
NOTIC: [8] Use of undefined constant id - assumed 'id' /Library/WebServer/Documents/2014HTML5Lession/Demo2-13/Demo2-13-5/Application/Runtime/Cache/Home/dc640664a5ad52ddaa1267f440fdcf80.php 第 13 行.
NOTIC: [8] Use of undefined constant categoryname - assumed 'categoryname' /Library/WebServer/Documents/2014HTML5Lession/Demo2-13/Demo2-13-5/Application/Runtime/Cache/Home/dc640664a5ad52ddaa1267f440fdcf80.php 第 13 行.
NOTIC: [8] Use of undefined constant id - assumed 'id' /Library/WebServer/Documents/2014HTML5Lession/Demo2-13/Demo2-13-5/Application/Runtime/Cache/Home/dc640664a5ad52ddaa1267f440fdcf80.php 第 13 行.
NOTIC: [8] Use of undefined constant categoryname - assumed 'categoryname' /Library/WebServer/Documents/2014HTML5Lession/Demo2-13/Demo2-13-5/Application/Runtime/Cache/Home/dc640664a5ad52ddaa1267f440fdcf80.php 第 13 行.
INFO: Run Behavior\ParseTemplateBehavior [ RunTime:0.023909s ]
INFO: [ view_parse ] --END-- [ RunTime:0.024017s ]
INFO: [ view_filter ] --START--
INFO: Run Behavior\WriteHtmlCacheBehavior [ RunTime:0.000201s ]
INFO: [ view_filter ] --END-- [ RunTime:0.000311s ]
INFO: [ app_end ] --START--
INFO: Run Behavior\ShowPageTraceBehavior [ RunTime:0.000489s ]
INFO: [ app_end ] --END-- [ RunTime:0.000601s ]

[ 2016-06-06T14:51:06+08:00 ] ::1 /2014HTML5Lession/Demo2-13/Demo2-13-5/index.php/News/
INFO: [ app_init ] --START--
INFO: Run Behavior\BuildLiteBehavior [ RunTime:0.000019s ]
INFO: [ app_init ] --END-- [ RunTime:0.000274s ]
INFO: [ app_begin ] --START--
INFO: Run Behavior\ReadHtmlCacheBehavior [ RunTime:0.000291s ]
INFO: [ app_begin ] --END-- [ RunTime:0.000367s ]
SQL: SHOW COLUMNS FROM `news_article` [ RunTime:0.0019s ]
SQL: SELECT * FROM `news_article` WHERE `catid` = 1 AND `author` = '秘书' ORDER BY updatetime LIMIT 0,2   [ RunTime:0.0004s ]
INFO: [ view_parse ] --START--
INFO: [ template_filter ] --START--
INFO: Run Behavior\ContentReplaceBehavior [ RunTime:0.000074s ]
INFO: [ template_filter ] --END-- [ RunTime:0.000187s ]
INFO: Run Behavior\ParseTemplateBehavior [ RunTime:0.023708s ]
INFO: [ view_parse ] --END-- [ RunTime:0.023853s ]
INFO: [ view_filter ] --START--
INFO: Run Behavior\WriteHtmlCacheBehavior [ RunTime:0.000221s ]
INFO: [ view_filter ] --END-- [ RunTime:0.000326s ]
INFO: [ app_end ] --START--
INFO: Run Behavior\ShowPageTraceBehavior [ RunTime:0.000532s ]
INFO: [ app_end ] --END-- [ RunTime:0.000646s ]

[ 2016-06-06T14:51:07+08:00 ] ::1 /2014HTML5Lession/Demo2-13/Demo2-13-5/index.php/News/add
INFO: [ app_init ] --START--
INFO: Run Behavior\BuildLiteBehavior [ RunTime:0.000023s ]
INFO: [ app_init ] --END-- [ RunTime:0.000332s ]
INFO: [ app_begin ] --START--
INFO: Run Behavior\ReadHtmlCacheBehavior [ RunTime:0.000376s ]
INFO: [ app_begin ] --END-- [ RunTime:0.000544s ]
SQL: SHOW COLUMNS FROM `news_category` [ RunTime:0.0051s ]
SQL: SELECT * FROM `news_category`  [ RunTime:0.0003s ]
INFO: [ view_parse ] --START--
INFO: [ template_filter ] --START--
INFO: Run Behavior\ContentReplaceBehavior [ RunTime:0.000051s ]
INFO: [ template_filter ] --END-- [ RunTime:0.000148s ]
NOTIC: [8] Use of undefined constant id - assumed 'id' /Library/WebServer/Documents/2014HTML5Lession/Demo2-13/Demo2-13-5/Application/Runtime/Cache/Home/dc13c30588651297360d0bed0d6cf2f8.php 第 12 行.
NOTIC: [8] Use of undefined constant categoryname - assumed 'categoryname' /Library/WebServer/Documents/2014HTML5Lession/Demo2-13/Demo2-13-5/Application/Runtime/Cache/Home/dc13c30588651297360d0bed0d6cf2f8.php 第 12 行.
NOTIC: [8] Use of undefined constant id - assumed 'id' /Library/WebServer/Documents/2014HTML5Lession/Demo2-13/Demo2-13-5/Application/Runtime/Cache/Home/dc13c30588651297360d0bed0d6cf2f8.php 第 12 行.
NOTIC: [8] Use of undefined constant categoryname - assumed 'categoryname' /Library/WebServer/Documents/2014HTML5Lession/Demo2-13/Demo2-13-5/Application/Runtime/Cache/Home/dc13c30588651297360d0bed0d6cf2f8.php 第 12 行.
INFO: Run Behavior\ParseTemplateBehavior [ RunTime:0.021195s ]
INFO: [ view_parse ] --END-- [ RunTime:0.021293s ]
INFO: [ view_filter ] --START--
INFO: Run Behavior\WriteHtmlCacheBehavior [ RunTime:0.000179s ]
INFO: [ view_filter ] --END-- [ RunTime:0.000268s ]
INFO: [ app_end ] --START--
INFO: Run Behavior\ShowPageTraceBehavior [ RunTime:0.000613s ]
INFO: [ app_end ] --END-- [ RunTime:0.000857s ]

[ 2016-06-06T14:51:18+08:00 ] ::1 /2014HTML5Lession/Demo2-13/Demo2-13-5/index.php/News/add
INFO: [ app_init ] --START--
INFO: Run Behavior\BuildLiteBehavior [ RunTime:0.000020s ]
INFO: [ app_init ] --END-- [ RunTime:0.000284s ]
INFO: [ app_begin ] --START--
INFO: Run Behavior\ReadHtmlCacheBehavior [ RunTime:0.000296s ]
INFO: [ app_begin ] --END-- [ RunTime:0.000374s ]
SQL: SHOW COLUMNS FROM `news_category` [ RunTime:0.0055s ]
SQL: SELECT * FROM `news_category`  [ RunTime:0.0003s ]
INFO: [ view_parse ] --START--
INFO: [ template_filter ] --START--
INFO: Run Behavior\ContentReplaceBehavior [ RunTime:0.000045s ]
INFO: [ template_filter ] --END-- [ RunTime:0.000128s ]
NOTIC: [8] Use of undefined constant id - assumed 'id' /Library/WebServer/Documents/2014HTML5Lession/Demo2-13/Demo2-13-5/Application/Runtime/Cache/Home/dc13c30588651297360d0bed0d6cf2f8.php 第 12 行.
NOTIC: [8] Use of undefined constant categoryname - assumed 'categoryname' /Library/WebServer/Documents/2014HTML5Lession/Demo2-13/Demo2-13-5/Application/Runtime/Cache/Home/dc13c30588651297360d0bed0d6cf2f8.php 第 12 行.
NOTIC: [8] Use of undefined constant id - assumed 'id' /Library/WebServer/Documents/2014HTML5Lession/Demo2-13/Demo2-13-5/Application/Runtime/Cache/Home/dc13c30588651297360d0bed0d6cf2f8.php 第 12 行.
NOTIC: [8] Use of undefined constant categoryname - assumed 'categoryname' /Library/WebServer/Documents/2014HTML5Lession/Demo2-13/Demo2-13-5/Application/Runtime/Cache/Home/dc13c30588651297360d0bed0d6cf2f8.php 第 12 行.
INFO: Run Behavior\ParseTemplateBehavior [ RunTime:0.020629s ]
INFO: [ view_parse ] --END-- [ RunTime:0.020729s ]
INFO: [ view_filter ] --START--
INFO: Run Behavior\WriteHtmlCacheBehavior [ RunTime:0.000187s ]
INFO: [ view_filter ] --END-- [ RunTime:0.000281s ]
INFO: [ app_end ] --START--
INFO: Run Behavior\ShowPageTraceBehavior [ RunTime:0.000536s ]
INFO: [ app_end ] --END-- [ RunTime:0.000653s ]

[ 2016-06-06T14:52:30+08:00 ] ::1 /2014HTML5Lession/Demo2-13/Demo2-13-5/index.php/News/add
INFO: [ app_init ] --START--
INFO: Run Behavior\BuildLiteBehavior [ RunTime:0.000033s ]
INFO: [ app_init ] --END-- [ RunTime:0.000368s ]
INFO: [ app_begin ] --START--
INFO: Run Behavior\ReadHtmlCacheBehavior [ RunTime:0.000319s ]
INFO: [ app_begin ] --END-- [ RunTime:0.000402s ]
SQL: SHOW COLUMNS FROM `news_article` [ RunTime:0.0202s ]
NOTIC: [8] Undefined index: validate /Library/WebServer/Documents/2014HTML5Lession/Demo2-13/Demo2-13-5/ThinkPHP/Library/Think/Model.class.php 第 1185 行.
SQL: SELECT * FROM `news_article` WHERE `title` = '&lt;script&gt;alert(1);&lt;/script&gt;' LIMIT 1   [ RunTime:0.0008s ]
NOTIC: [2] call_user_func_array() expects parameter 1 to be a valid callback, function 'retitle' not found or invalid function name /Library/WebServer/Documents/2014HTML5Lession/Demo2-13/Demo2-13-5/ThinkPHP/Library/Think/Model.class.php 第 1279 行.
NOTIC: [8] Undefined index: auto /Library/WebServer/Documents/2014HTML5Lession/Demo2-13/Demo2-13-5/ThinkPHP/Library/Think/Model.class.php 第 1128 行.
SQL: INSERT INTO `news_article` (`catid`,`title`,`content`,`author`,`inserttime`,`updatetime`) VALUES ('1','&lt;script&gt;alert(1);&lt;/script&gt;','哈哈哈，你被攻击了。','啊啊啊','2016-06-06 14:52:29','2016-06-06 14:52:29') [ RunTime:0.3155s ]
INFO: [ view_parse ] --START--
INFO: [ template_filter ] --START--
INFO: Run Behavior\ContentReplaceBehavior [ RunTime:0.000058s ]
INFO: [ template_filter ] --END-- [ RunTime:0.000169s ]
INFO: Run Behavior\ParseTemplateBehavior [ RunTime:0.023369s ]
INFO: [ view_parse ] --END-- [ RunTime:0.023585s ]
INFO: [ view_filter ] --START--
INFO: Run Behavior\WriteHtmlCacheBehavior [ RunTime:0.000234s ]
INFO: [ view_filter ] --END-- [ RunTime:0.000337s ]
INFO: [ app_end ] --START--
INFO: Run Behavior\ShowPageTraceBehavior [ RunTime:0.000463s ]
INFO: [ app_end ] --END-- [ RunTime:0.000566s ]

[ 2016-06-06T14:52:31+08:00 ] ::1 /2014HTML5Lession/Demo2-13/Demo2-13-5/index.php/News/index
INFO: [ app_init ] --START--
INFO: Run Behavior\BuildLiteBehavior [ RunTime:0.000022s ]
INFO: [ app_init ] --END-- [ RunTime:0.000372s ]
INFO: [ app_begin ] --START--
INFO: Run Behavior\ReadHtmlCacheBehavior [ RunTime:0.000340s ]
INFO: [ app_begin ] --END-- [ RunTime:0.000430s ]
SQL: SHOW COLUMNS FROM `news_article` [ RunTime:0.0018s ]
SQL: SELECT * FROM `news_article` WHERE `catid` = 1 AND `author` = '秘书' ORDER BY updatetime LIMIT 0,2   [ RunTime:0.0004s ]
INFO: [ view_parse ] --START--
INFO: [ template_filter ] --START--
INFO: Run Behavior\ContentReplaceBehavior [ RunTime:0.000064s ]
INFO: [ template_filter ] --END-- [ RunTime:0.000184s ]
INFO: Run Behavior\ParseTemplateBehavior [ RunTime:0.022024s ]
INFO: [ view_parse ] --END-- [ RunTime:0.022184s ]
INFO: [ view_filter ] --START--
INFO: Run Behavior\WriteHtmlCacheBehavior [ RunTime:0.000263s ]
INFO: [ view_filter ] --END-- [ RunTime:0.000439s ]
INFO: [ app_end ] --START--
INFO: Run Behavior\ShowPageTraceBehavior [ RunTime:0.000817s ]
INFO: [ app_end ] --END-- [ RunTime:0.000989s ]

[ 2016-06-06T14:52:32+08:00 ] ::1 /2014HTML5Lession/Demo2-13/Demo2-13-5/index.php/News/index
INFO: [ app_init ] --START--
INFO: Run Behavior\BuildLiteBehavior [ RunTime:0.000021s ]
INFO: [ app_init ] --END-- [ RunTime:0.000299s ]
INFO: [ app_begin ] --START--
INFO: Run Behavior\ReadHtmlCacheBehavior [ RunTime:0.000314s ]
INFO: [ app_begin ] --END-- [ RunTime:0.000401s ]
SQL: SHOW COLUMNS FROM `news_article` [ RunTime:0.0054s ]
SQL: SELECT * FROM `news_article` WHERE `catid` = 1 AND `author` = '秘书' ORDER BY updatetime LIMIT 0,2   [ RunTime:0.0004s ]
INFO: [ view_parse ] --START--
INFO: [ template_filter ] --START--
INFO: Run Behavior\ContentReplaceBehavior [ RunTime:0.000046s ]
INFO: [ template_filter ] --END-- [ RunTime:0.000128s ]
INFO: Run Behavior\ParseTemplateBehavior [ RunTime:0.020423s ]
INFO: [ view_parse ] --END-- [ RunTime:0.020570s ]
INFO: [ view_filter ] --START--
INFO: Run Behavior\WriteHtmlCacheBehavior [ RunTime:0.000261s ]
INFO: [ view_filter ] --END-- [ RunTime:0.000364s ]
INFO: [ app_end ] --START--
INFO: Run Behavior\ShowPageTraceBehavior [ RunTime:0.000399s ]
INFO: [ app_end ] --END-- [ RunTime:0.000491s ]

[ 2016-06-06T14:53:05+08:00 ] ::1 /2014HTML5Lession/Demo2-13/Demo2-13-5/index.php/News/index
INFO: [ app_init ] --START--
INFO: Run Behavior\BuildLiteBehavior [ RunTime:0.000029s ]
INFO: [ app_init ] --END-- [ RunTime:0.000445s ]
INFO: [ app_begin ] --START--
INFO: Run Behavior\ReadHtmlCacheBehavior [ RunTime:0.000389s ]
INFO: [ app_begin ] --END-- [ RunTime:0.000490s ]
SQL: SHOW COLUMNS FROM `news_article` [ RunTime:0.0014s ]
SQL: SELECT * FROM `news_article` ORDER BY updatetime LIMIT 0,2   [ RunTime:0.0004s ]
INFO: [ view_parse ] --START--
INFO: [ template_filter ] --START--
INFO: Run Behavior\ContentReplaceBehavior [ RunTime:0.000085s ]
INFO: [ template_filter ] --END-- [ RunTime:0.000287s ]
INFO: Run Behavior\ParseTemplateBehavior [ RunTime:0.022594s ]
INFO: [ view_parse ] --END-- [ RunTime:0.022710s ]
INFO: [ view_filter ] --START--
INFO: Run Behavior\WriteHtmlCacheBehavior [ RunTime:0.000391s ]
INFO: [ view_filter ] --END-- [ RunTime:0.000481s ]
INFO: [ app_end ] --START--
INFO: Run Behavior\ShowPageTraceBehavior [ RunTime:0.000526s ]
INFO: [ app_end ] --END-- [ RunTime:0.000642s ]

[ 2016-06-06T14:53:16+08:00 ] ::1 /2014HTML5Lession/Demo2-13/Demo2-13-5/index.php/News/index
INFO: [ app_init ] --START--
INFO: Run Behavior\BuildLiteBehavior [ RunTime:0.000020s ]
INFO: [ app_init ] --END-- [ RunTime:0.000282s ]
INFO: [ app_begin ] --START--
INFO: Run Behavior\ReadHtmlCacheBehavior [ RunTime:0.000406s ]
INFO: [ app_begin ] --END-- [ RunTime:0.000501s ]
SQL: SHOW COLUMNS FROM `news_article` [ RunTime:0.0052s ]
SQL: SELECT * FROM `news_article` ORDER BY updatetime  [ RunTime:0.0005s ]
INFO: [ view_parse ] --START--
INFO: [ template_filter ] --START--
INFO: Run Behavior\ContentReplaceBehavior [ RunTime:0.000070s ]
INFO: [ template_filter ] --END-- [ RunTime:0.000172s ]
INFO: Run Behavior\ParseTemplateBehavior [ RunTime:0.022069s ]
INFO: [ view_parse ] --END-- [ RunTime:0.022197s ]
INFO: [ view_filter ] --START--
INFO: Run Behavior\WriteHtmlCacheBehavior [ RunTime:0.000195s ]
INFO: [ view_filter ] --END-- [ RunTime:0.000272s ]
INFO: [ app_end ] --START--
INFO: Run Behavior\ShowPageTraceBehavior [ RunTime:0.000398s ]
INFO: [ app_end ] --END-- [ RunTime:0.000479s ]

[ 2016-06-06T14:53:25+08:00 ] ::1 /2014HTML5Lession/Demo2-13/Demo2-13-5/index.php/News/edit/id/18
INFO: [ app_init ] --START--
INFO: Run Behavior\BuildLiteBehavior [ RunTime:0.000018s ]
INFO: [ app_init ] --END-- [ RunTime:0.000302s ]
INFO: [ app_begin ] --START--
INFO: Run Behavior\ReadHtmlCacheBehavior [ RunTime:0.000306s ]
INFO: [ app_begin ] --END-- [ RunTime:0.000387s ]
SQL: SHOW COLUMNS FROM `news_category` [ RunTime:0.0054s ]
SQL: SELECT * FROM `news_category`  [ RunTime:0.0003s ]
SQL: SHOW COLUMNS FROM `news_article` [ RunTime:0.0013s ]
SQL: SELECT * FROM `news_article` WHERE `id` = 18 LIMIT 1   [ RunTime:0.0002s ]
INFO: [ view_parse ] --START--
INFO: [ template_filter ] --START--
INFO: Run Behavior\ContentReplaceBehavior [ RunTime:0.000051s ]
INFO: [ template_filter ] --END-- [ RunTime:0.000155s ]
NOTIC: [8] Use of undefined constant id - assumed 'id' /Library/WebServer/Documents/2014HTML5Lession/Demo2-13/Demo2-13-5/Application/Runtime/Cache/Home/dc640664a5ad52ddaa1267f440fdcf80.php 第 13 行.
NOTIC: [8] Use of undefined constant categoryname - assumed 'categoryname' /Library/WebServer/Documents/2014HTML5Lession/Demo2-13/Demo2-13-5/Application/Runtime/Cache/Home/dc640664a5ad52ddaa1267f440fdcf80.php 第 13 行.
NOTIC: [8] Use of undefined constant id - assumed 'id' /Library/WebServer/Documents/2014HTML5Lession/Demo2-13/Demo2-13-5/Application/Runtime/Cache/Home/dc640664a5ad52ddaa1267f440fdcf80.php 第 13 行.
NOTIC: [8] Use of undefined constant categoryname - assumed 'categoryname' /Library/WebServer/Documents/2014HTML5Lession/Demo2-13/Demo2-13-5/Application/Runtime/Cache/Home/dc640664a5ad52ddaa1267f440fdcf80.php 第 13 行.
INFO: Run Behavior\ParseTemplateBehavior [ RunTime:0.022477s ]
INFO: [ view_parse ] --END-- [ RunTime:0.022715s ]
INFO: [ view_filter ] --START--
INFO: Run Behavior\WriteHtmlCacheBehavior [ RunTime:0.000503s ]
INFO: [ view_filter ] --END-- [ RunTime:0.000603s ]
INFO: [ app_end ] --START--
INFO: Run Behavior\ShowPageTraceBehavior [ RunTime:0.000427s ]
INFO: [ app_end ] --END-- [ RunTime:0.000521s ]

[ 2016-06-06T14:54:16+08:00 ] ::1 /2014HTML5Lession/Demo2-13/Demo2-13-5/index.php/News/index
INFO: [ app_init ] --START--
INFO: Run Behavior\BuildLiteBehavior [ RunTime:0.000021s ]
INFO: [ app_init ] --END-- [ RunTime:0.000286s ]
INFO: [ app_begin ] --START--
INFO: Run Behavior\ReadHtmlCacheBehavior [ RunTime:0.000302s ]
INFO: [ app_begin ] --END-- [ RunTime:0.000382s ]
SQL: SHOW COLUMNS FROM `news_article` [ RunTime:0.0014s ]
SQL: SELECT * FROM `news_article` ORDER BY updatetime  [ RunTime:0.0005s ]
INFO: [ view_parse ] --START--
INFO: [ template_filter ] --START--
INFO: Run Behavior\ContentReplaceBehavior [ RunTime:0.000066s ]
INFO: [ template_filter ] --END-- [ RunTime:0.000163s ]
INFO: Run Behavior\ParseTemplateBehavior [ RunTime:0.021853s ]
INFO: [ view_parse ] --END-- [ RunTime:0.021974s ]
INFO: [ view_filter ] --START--
INFO: Run Behavior\WriteHtmlCacheBehavior [ RunTime:0.000166s ]
INFO: [ view_filter ] --END-- [ RunTime:0.000241s ]
INFO: [ app_end ] --START--
INFO: Run Behavior\ShowPageTraceBehavior [ RunTime:0.000362s ]
INFO: [ app_end ] --END-- [ RunTime:0.000440s ]

[ 2016-06-06T14:54:17+08:00 ] ::1 /2014HTML5Lession/Demo2-13/Demo2-13-5/index.php/News/index
INFO: [ app_init ] --START--
INFO: Run Behavior\BuildLiteBehavior [ RunTime:0.000025s ]
INFO: [ app_init ] --END-- [ RunTime:0.000473s ]
INFO: [ app_begin ] --START--
INFO: Run Behavior\ReadHtmlCacheBehavior [ RunTime:0.000376s ]
INFO: [ app_begin ] --END-- [ RunTime:0.000474s ]
SQL: SHOW COLUMNS FROM `news_article` [ RunTime:0.0056s ]
SQL: SELECT * FROM `news_article` ORDER BY updatetime  [ RunTime:0.0008s ]
INFO: [ view_parse ] --START--
INFO: [ template_filter ] --START--
INFO: Run Behavior\ContentReplaceBehavior [ RunTime:0.000052s ]
INFO: [ template_filter ] --END-- [ RunTime:0.000155s ]
INFO: Run Behavior\ParseTemplateBehavior [ RunTime:0.021252s ]
INFO: [ view_parse ] --END-- [ RunTime:0.021401s ]
INFO: [ view_filter ] --START--
INFO: Run Behavior\WriteHtmlCacheBehavior [ RunTime:0.000249s ]
INFO: [ view_filter ] --END-- [ RunTime:0.000356s ]
INFO: [ app_end ] --START--
INFO: Run Behavior\ShowPageTraceBehavior [ RunTime:0.000447s ]
INFO: [ app_end ] --END-- [ RunTime:0.000551s ]

[ 2016-06-06T14:54:17+08:00 ] ::1 /2014HTML5Lession/Demo2-13/Demo2-13-5/index.php/News/index
INFO: [ app_init ] --START--
INFO: Run Behavior\BuildLiteBehavior [ RunTime:0.000021s ]
INFO: [ app_init ] --END-- [ RunTime:0.000297s ]
INFO: [ app_begin ] --START--
INFO: Run Behavior\ReadHtmlCacheBehavior [ RunTime:0.000472s ]
INFO: [ app_begin ] --END-- [ RunTime:0.000564s ]
SQL: SHOW COLUMNS FROM `news_article` [ RunTime:0.0014s ]
SQL: SELECT * FROM `news_article` ORDER BY updatetime  [ RunTime:0.0004s ]
INFO: [ view_parse ] --START--
INFO: [ template_filter ] --START--
INFO: Run Behavior\ContentReplaceBehavior [ RunTime:0.000046s ]
INFO: [ template_filter ] --END-- [ RunTime:0.000130s ]
INFO: Run Behavior\ParseTemplateBehavior [ RunTime:0.020242s ]
INFO: [ view_parse ] --END-- [ RunTime:0.020369s ]
INFO: [ view_filter ] --START--
INFO: Run Behavior\WriteHtmlCacheBehavior [ RunTime:0.000240s ]
INFO: [ view_filter ] --END-- [ RunTime:0.000369s ]
INFO: [ app_end ] --START--
INFO: Run Behavior\ShowPageTraceBehavior [ RunTime:0.000690s ]
INFO: [ app_end ] --END-- [ RunTime:0.000863s ]

[ 2016-06-06T14:54:18+08:00 ] ::1 /2014HTML5Lession/Demo2-13/Demo2-13-5/index.php/News/index
INFO: [ app_init ] --START--
INFO: Run Behavior\BuildLiteBehavior [ RunTime:0.000021s ]
INFO: [ app_init ] --END-- [ RunTime:0.000291s ]
INFO: [ app_begin ] --START--
INFO: Run Behavior\ReadHtmlCacheBehavior [ RunTime:0.000296s ]
INFO: [ app_begin ] --END-- [ RunTime:0.000376s ]
SQL: SHOW COLUMNS FROM `news_article` [ RunTime:0.0016s ]
SQL: SELECT * FROM `news_article` ORDER BY updatetime  [ RunTime:0.0004s ]
INFO: [ view_parse ] --START--
INFO: [ template_filter ] --START--
INFO: Run Behavior\ContentReplaceBehavior [ RunTime:0.000050s ]
INFO: [ template_filter ] --END-- [ RunTime:0.000149s ]
INFO: Run Behavior\ParseTemplateBehavior [ RunTime:0.021140s ]
INFO: [ view_parse ] --END-- [ RunTime:0.021311s ]
INFO: [ view_filter ] --START--
INFO: Run Behavior\WriteHtmlCacheBehavior [ RunTime:0.000454s ]
INFO: [ view_filter ] --END-- [ RunTime:0.000702s ]
INFO: [ app_end ] --START--
INFO: Run Behavior\ShowPageTraceBehavior [ RunTime:0.000554s ]
INFO: [ app_end ] --END-- [ RunTime:0.000760s ]

[ 2016-06-06T14:54:18+08:00 ] ::1 /2014HTML5Lession/Demo2-13/Demo2-13-5/index.php/News/index
INFO: [ app_init ] --START--
INFO: Run Behavior\BuildLiteBehavior [ RunTime:0.000021s ]
INFO: [ app_init ] --END-- [ RunTime:0.000297s ]
INFO: [ app_begin ] --START--
INFO: Run Behavior\ReadHtmlCacheBehavior [ RunTime:0.000285s ]
INFO: [ app_begin ] --END-- [ RunTime:0.000371s ]
SQL: SHOW COLUMNS FROM `news_article` [ RunTime:0.0018s ]
SQL: SELECT * FROM `news_article` ORDER BY updatetime  [ RunTime:0.0005s ]
INFO: [ view_parse ] --START--
INFO: [ template_filter ] --START--
INFO: Run Behavior\ContentReplaceBehavior [ RunTime:0.000046s ]
INFO: [ template_filter ] --END-- [ RunTime:0.000128s ]
INFO: Run Behavior\ParseTemplateBehavior [ RunTime:0.021178s ]
INFO: [ view_parse ] --END-- [ RunTime:0.021310s ]
INFO: [ view_filter ] --START--
INFO: Run Behavior\WriteHtmlCacheBehavior [ RunTime:0.000217s ]
INFO: [ view_filter ] --END-- [ RunTime:0.000323s ]
INFO: [ app_end ] --START--
INFO: Run Behavior\ShowPageTraceBehavior [ RunTime:0.000683s ]
INFO: [ app_end ] --END-- [ RunTime:0.000796s ]

[ 2016-06-06T14:54:19+08:00 ] ::1 /2014HTML5Lession/Demo2-13/Demo2-13-5/index.php/News/index
INFO: [ app_init ] --START--
INFO: Run Behavior\BuildLiteBehavior [ RunTime:0.000021s ]
INFO: [ app_init ] --END-- [ RunTime:0.000303s ]
INFO: [ app_begin ] --START--
INFO: Run Behavior\ReadHtmlCacheBehavior [ RunTime:0.000337s ]
INFO: [ app_begin ] --END-- [ RunTime:0.000427s ]
SQL: SHOW COLUMNS FROM `news_article` [ RunTime:0.0028s ]
SQL: SELECT * FROM `news_article` ORDER BY updatetime  [ RunTime:0.0006s ]
INFO: [ view_parse ] --START--
INFO: [ template_filter ] --START--
INFO: Run Behavior\ContentReplaceBehavior [ RunTime:0.000051s ]
INFO: [ template_filter ] --END-- [ RunTime:0.000141s ]
INFO: Run Behavior\ParseTemplateBehavior [ RunTime:0.021142s ]
INFO: [ view_parse ] --END-- [ RunTime:0.021295s ]
INFO: [ view_filter ] --START--
INFO: Run Behavior\WriteHtmlCacheBehavior [ RunTime:0.000242s ]
INFO: [ view_filter ] --END-- [ RunTime:0.000344s ]
INFO: [ app_end ] --START--
INFO: Run Behavior\ShowPageTraceBehavior [ RunTime:0.000445s ]
INFO: [ app_end ] --END-- [ RunTime:0.000548s ]

[ 2016-06-06T14:54:19+08:00 ] ::1 /2014HTML5Lession/Demo2-13/Demo2-13-5/index.php/News/index
INFO: [ app_init ] --START--
INFO: Run Behavior\BuildLiteBehavior [ RunTime:0.000022s ]
INFO: [ app_init ] --END-- [ RunTime:0.000299s ]
INFO: [ app_begin ] --START--
INFO: Run Behavior\ReadHtmlCacheBehavior [ RunTime:0.000312s ]
INFO: [ app_begin ] --END-- [ RunTime:0.000404s ]
SQL: SHOW COLUMNS FROM `news_article` [ RunTime:0.0021s ]
SQL: SELECT * FROM `news_article` ORDER BY updatetime  [ RunTime:0.0005s ]
INFO: [ view_parse ] --START--
INFO: [ template_filter ] --START--
INFO: Run Behavior\ContentReplaceBehavior [ RunTime:0.000047s ]
INFO: [ template_filter ] --END-- [ RunTime:0.000130s ]
INFO: Run Behavior\ParseTemplateBehavior [ RunTime:0.020656s ]
INFO: [ view_parse ] --END-- [ RunTime:0.020783s ]
INFO: [ view_filter ] --START--
INFO: Run Behavior\WriteHtmlCacheBehavior [ RunTime:0.000196s ]
INFO: [ view_filter ] --END-- [ RunTime:0.000301s ]
INFO: [ app_end ] --START--
INFO: Run Behavior\ShowPageTraceBehavior [ RunTime:0.000859s ]
INFO: [ app_end ] --END-- [ RunTime:0.000988s ]

[ 2016-06-06T14:54:59+08:00 ] ::1 /2014HTML5Lession/Demo2-13/Demo2-13-5/index.php/News/add
INFO: [ app_init ] --START--
INFO: Run Behavior\BuildLiteBehavior [ RunTime:0.000022s ]
INFO: [ app_init ] --END-- [ RunTime:0.000318s ]
INFO: [ app_begin ] --START--
INFO: Run Behavior\ReadHtmlCacheBehavior [ RunTime:0.000571s ]
INFO: [ app_begin ] --END-- [ RunTime:0.000710s ]

[ 2016-06-06T14:55:06+08:00 ] ::1 /2014HTML5Lession/Demo2-13/Demo2-13-5/index.php/News/add
INFO: [ app_init ] --START--
INFO: Run Behavior\BuildLiteBehavior [ RunTime:0.000020s ]
INFO: [ app_init ] --END-- [ RunTime:0.000286s ]
INFO: [ app_begin ] --START--
INFO: Run Behavior\ReadHtmlCacheBehavior [ RunTime:0.000296s ]
INFO: [ app_begin ] --END-- [ RunTime:0.000374s ]
SQL: SHOW COLUMNS FROM `news_category` [ RunTime:0.0014s ]
SQL: SELECT * FROM `news_category`  [ RunTime:0.0002s ]
INFO: [ view_parse ] --START--
INFO: [ template_filter ] --START--
INFO: Run Behavior\ContentReplaceBehavior [ RunTime:0.000062s ]
INFO: [ template_filter ] --END-- [ RunTime:0.000187s ]
NOTIC: [8] Use of undefined constant id - assumed 'id' /Library/WebServer/Documents/2014HTML5Lession/Demo2-13/Demo2-13-5/Application/Runtime/Cache/Home/dc13c30588651297360d0bed0d6cf2f8.php 第 12 行.
NOTIC: [8] Use of undefined constant categoryname - assumed 'categoryname' /Library/WebServer/Documents/2014HTML5Lession/Demo2-13/Demo2-13-5/Application/Runtime/Cache/Home/dc13c30588651297360d0bed0d6cf2f8.php 第 12 行.
NOTIC: [8] Use of undefined constant id - assumed 'id' /Library/WebServer/Documents/2014HTML5Lession/Demo2-13/Demo2-13-5/Application/Runtime/Cache/Home/dc13c30588651297360d0bed0d6cf2f8.php 第 12 行.
NOTIC: [8] Use of undefined constant categoryname - assumed 'categoryname' /Library/WebServer/Documents/2014HTML5Lession/Demo2-13/Demo2-13-5/Application/Runtime/Cache/Home/dc13c30588651297360d0bed0d6cf2f8.php 第 12 行.
INFO: Run Behavior\ParseTemplateBehavior [ RunTime:0.022836s ]
INFO: [ view_parse ] --END-- [ RunTime:0.022967s ]
INFO: [ view_filter ] --START--
INFO: Run Behavior\WriteHtmlCacheBehavior [ RunTime:0.000247s ]
INFO: [ view_filter ] --END-- [ RunTime:0.000377s ]
INFO: [ app_end ] --START--
INFO: Run Behavior\ShowPageTraceBehavior [ RunTime:0.000588s ]
INFO: [ app_end ] --END-- [ RunTime:0.000768s ]

[ 2016-06-06T14:56:34+08:00 ] ::1 /2014HTML5Lession/Demo2-13/Demo2-13-5/index.php/News/add
INFO: [ app_init ] --START--
INFO: Run Behavior\BuildLiteBehavior [ RunTime:0.000020s ]
INFO: [ app_init ] --END-- [ RunTime:0.000280s ]
INFO: [ app_begin ] --START--
INFO: Run Behavior\ReadHtmlCacheBehavior [ RunTime:0.000289s ]
INFO: [ app_begin ] --END-- [ RunTime:0.000368s ]
SQL: SHOW COLUMNS FROM `news_category` [ RunTime:0.0053s ]
SQL: SELECT * FROM `news_category`  [ RunTime:0.0003s ]
INFO: [ view_parse ] --START--
INFO: [ template_filter ] --START--
INFO: Run Behavior\ContentReplaceBehavior [ RunTime:0.000055s ]
INFO: [ template_filter ] --END-- [ RunTime:0.000161s ]
NOTIC: [8] Use of undefined constant id - assumed 'id' /Library/WebServer/Documents/2014HTML5Lession/Demo2-13/Demo2-13-5/Application/Runtime/Cache/Home/dc13c30588651297360d0bed0d6cf2f8.php 第 12 行.
NOTIC: [8] Use of undefined constant categoryname - assumed 'categoryname' /Library/WebServer/Documents/2014HTML5Lession/Demo2-13/Demo2-13-5/Application/Runtime/Cache/Home/dc13c30588651297360d0bed0d6cf2f8.php 第 12 行.
NOTIC: [8] Use of undefined constant id - assumed 'id' /Library/WebServer/Documents/2014HTML5Lession/Demo2-13/Demo2-13-5/Application/Runtime/Cache/Home/dc13c30588651297360d0bed0d6cf2f8.php 第 12 行.
NOTIC: [8] Use of undefined constant categoryname - assumed 'categoryname' /Library/WebServer/Documents/2014HTML5Lession/Demo2-13/Demo2-13-5/Application/Runtime/Cache/Home/dc13c30588651297360d0bed0d6cf2f8.php 第 12 行.
INFO: Run Behavior\ParseTemplateBehavior [ RunTime:0.021175s ]
INFO: [ view_parse ] --END-- [ RunTime:0.021271s ]
INFO: [ view_filter ] --START--
INFO: Run Behavior\WriteHtmlCacheBehavior [ RunTime:0.000160s ]
INFO: [ view_filter ] --END-- [ RunTime:0.000239s ]
INFO: [ app_end ] --START--
INFO: Run Behavior\ShowPageTraceBehavior [ RunTime:0.000358s ]
INFO: [ app_end ] --END-- [ RunTime:0.000441s ]

[ 2016-06-06T14:56:52+08:00 ] ::1 /2014HTML5Lession/Demo2-13/Demo2-13-5/index.php/News/badAdd
INFO: [ app_init ] --START--
INFO: Run Behavior\BuildLiteBehavior [ RunTime:0.000019s ]
INFO: [ app_init ] --END-- [ RunTime:0.000283s ]
INFO: [ app_begin ] --START--
INFO: Run Behavior\ReadHtmlCacheBehavior [ RunTime:0.000281s ]
INFO: [ app_begin ] --END-- [ RunTime:0.000364s ]

[ 2016-06-06T14:57:09+08:00 ] ::1 /2014HTML5Lession/Demo2-13/Demo2-13-5/index.php/News/badAdd
INFO: [ app_init ] --START--
INFO: Run Behavior\BuildLiteBehavior [ RunTime:0.000022s ]
INFO: [ app_init ] --END-- [ RunTime:0.000318s ]
INFO: [ app_begin ] --START--
INFO: Run Behavior\ReadHtmlCacheBehavior [ RunTime:0.000296s ]
INFO: [ app_begin ] --END-- [ RunTime:0.000375s ]
ERR: Think\Model:excute方法不存在！

[ 2016-06-06T14:57:15+08:00 ] ::1 /2014HTML5Lession/Demo2-13/Demo2-13-5/index.php/News/badAdd
INFO: [ app_init ] --START--
INFO: Run Behavior\BuildLiteBehavior [ RunTime:0.000023s ]
INFO: [ app_init ] --END-- [ RunTime:0.000441s ]
INFO: [ app_begin ] --START--
INFO: Run Behavior\ReadHtmlCacheBehavior [ RunTime:0.000528s ]
INFO: [ app_begin ] --END-- [ RunTime:0.000637s ]
SQL: insert into news_article(title) values('<script>alert(1);</script>'); [ RunTime:0.0005s ]
INFO: [ app_end ] --START--
INFO: Run Behavior\ShowPageTraceBehavior [ RunTime:0.000409s ]
INFO: [ app_end ] --END-- [ RunTime:0.000495s ]

[ 2016-06-06T14:58:04+08:00 ] ::1 /2014HTML5Lession/Demo2-13/Demo2-13-5/index.php/News/
INFO: [ app_init ] --START--
INFO: Run Behavior\BuildLiteBehavior [ RunTime:0.000023s ]
INFO: [ app_init ] --END-- [ RunTime:0.000364s ]
INFO: [ app_begin ] --START--
INFO: Run Behavior\ReadHtmlCacheBehavior [ RunTime:0.000466s ]
INFO: [ app_begin ] --END-- [ RunTime:0.000616s ]
SQL: SHOW COLUMNS FROM `news_article` [ RunTime:0.0014s ]
SQL: SELECT * FROM `news_article` ORDER BY updatetime  [ RunTime:0.0006s ]
INFO: [ view_parse ] --START--
INFO: [ template_filter ] --START--
INFO: Run Behavior\ContentReplaceBehavior [ RunTime:0.000048s ]
INFO: [ template_filter ] --END-- [ RunTime:0.000145s ]
INFO: Run Behavior\ParseTemplateBehavior [ RunTime:0.021123s ]
INFO: [ view_parse ] --END-- [ RunTime:0.021272s ]
INFO: [ view_filter ] --START--
INFO: Run Behavior\WriteHtmlCacheBehavior [ RunTime:0.000252s ]
INFO: [ view_filter ] --END-- [ RunTime:0.000357s ]
INFO: [ app_end ] --START--
INFO: Run Behavior\ShowPageTraceBehavior [ RunTime:0.000535s ]
INFO: [ app_end ] --END-- [ RunTime:0.000636s ]

[ 2016-06-06T14:58:17+08:00 ] ::1 /2014HTML5Lession/Demo2-13/Demo2-13-5/index.php/News/
INFO: [ app_init ] --START--
INFO: Run Behavior\BuildLiteBehavior [ RunTime:0.000023s ]
INFO: [ app_init ] --END-- [ RunTime:0.000365s ]
INFO: [ app_begin ] --START--
INFO: Run Behavior\ReadHtmlCacheBehavior [ RunTime:0.000364s ]
INFO: [ app_begin ] --END-- [ RunTime:0.000461s ]
SQL: SHOW COLUMNS FROM `news_article` [ RunTime:0.0424s ]
SQL: SELECT * FROM `news_article` ORDER BY updatetime  [ RunTime:0.0005s ]
INFO: [ view_parse ] --START--
INFO: [ template_filter ] --START--
INFO: Run Behavior\ContentReplaceBehavior [ RunTime:0.000055s ]
INFO: [ template_filter ] --END-- [ RunTime:0.000160s ]
INFO: Run Behavior\ParseTemplateBehavior [ RunTime:0.022001s ]
INFO: [ view_parse ] --END-- [ RunTime:0.022153s ]
INFO: [ view_filter ] --START--
INFO: Run Behavior\WriteHtmlCacheBehavior [ RunTime:0.000249s ]
INFO: [ view_filter ] --END-- [ RunTime:0.000352s ]
INFO: [ app_end ] --START--
INFO: Run Behavior\ShowPageTraceBehavior [ RunTime:0.000453s ]
INFO: [ app_end ] --END-- [ RunTime:0.000559s ]

[ 2016-06-06T14:58:20+08:00 ] ::1 /2014HTML5Lession/Demo2-13/Demo2-13-5/index.php/News/
INFO: [ app_init ] --START--
INFO: Run Behavior\BuildLiteBehavior [ RunTime:0.000019s ]
INFO: [ app_init ] --END-- [ RunTime:0.000273s ]
INFO: [ app_begin ] --START--
INFO: Run Behavior\ReadHtmlCacheBehavior [ RunTime:0.000284s ]
INFO: [ app_begin ] --END-- [ RunTime:0.000362s ]
SQL: SHOW COLUMNS FROM `news_article` [ RunTime:0.0056s ]
SQL: SELECT * FROM `news_article` ORDER BY updatetime  [ RunTime:0.0005s ]
INFO: [ view_parse ] --START--
INFO: [ template_filter ] --START--
INFO: Run Behavior\ContentReplaceBehavior [ RunTime:0.000047s ]
INFO: [ template_filter ] --END-- [ RunTime:0.000132s ]
INFO: Run Behavior\ParseTemplateBehavior [ RunTime:0.020498s ]
INFO: [ view_parse ] --END-- [ RunTime:0.020613s ]
INFO: [ view_filter ] --START--
INFO: Run Behavior\WriteHtmlCacheBehavior [ RunTime:0.000182s ]
INFO: [ view_filter ] --END-- [ RunTime:0.000255s ]
INFO: [ app_end ] --START--
INFO: Run Behavior\ShowPageTraceBehavior [ RunTime:0.000330s ]
INFO: [ app_end ] --END-- [ RunTime:0.000404s ]

[ 2016-06-06T14:58:32+08:00 ] ::1 /2014HTML5Lession/Demo2-13/Demo2-13-5/index.php/News/add
INFO: [ app_init ] --START--
INFO: Run Behavior\BuildLiteBehavior [ RunTime:0.000062s ]
INFO: [ app_init ] --END-- [ RunTime:0.000376s ]
INFO: [ app_begin ] --START--
INFO: Run Behavior\ReadHtmlCacheBehavior [ RunTime:0.000767s ]
INFO: [ app_begin ] --END-- [ RunTime:0.000868s ]
SQL: SHOW COLUMNS FROM `news_category` [ RunTime:0.0055s ]
SQL: SELECT * FROM `news_category`  [ RunTime:0.0003s ]
INFO: [ view_parse ] --START--
INFO: [ template_filter ] --START--
INFO: Run Behavior\ContentReplaceBehavior [ RunTime:0.000059s ]
INFO: [ template_filter ] --END-- [ RunTime:0.000172s ]
NOTIC: [8] Use of undefined constant id - assumed 'id' /Library/WebServer/Documents/2014HTML5Lession/Demo2-13/Demo2-13-5/Application/Runtime/Cache/Home/dc13c30588651297360d0bed0d6cf2f8.php 第 12 行.
NOTIC: [8] Use of undefined constant categoryname - assumed 'categoryname' /Library/WebServer/Documents/2014HTML5Lession/Demo2-13/Demo2-13-5/Application/Runtime/Cache/Home/dc13c30588651297360d0bed0d6cf2f8.php 第 12 行.
NOTIC: [8] Use of undefined constant id - assumed 'id' /Library/WebServer/Documents/2014HTML5Lession/Demo2-13/Demo2-13-5/Application/Runtime/Cache/Home/dc13c30588651297360d0bed0d6cf2f8.php 第 12 行.
NOTIC: [8] Use of undefined constant categoryname - assumed 'categoryname' /Library/WebServer/Documents/2014HTML5Lession/Demo2-13/Demo2-13-5/Application/Runtime/Cache/Home/dc13c30588651297360d0bed0d6cf2f8.php 第 12 行.
INFO: Run Behavior\ParseTemplateBehavior [ RunTime:0.022352s ]
INFO: [ view_parse ] --END-- [ RunTime:0.022468s ]
INFO: [ view_filter ] --START--
INFO: Run Behavior\WriteHtmlCacheBehavior [ RunTime:0.000230s ]
INFO: [ view_filter ] --END-- [ RunTime:0.000330s ]
INFO: [ app_end ] --START--
INFO: Run Behavior\ShowPageTraceBehavior [ RunTime:0.000470s ]
INFO: [ app_end ] --END-- [ RunTime:0.000567s ]

[ 2016-06-06T14:59:44+08:00 ] ::1 /2014HTML5Lession/Demo2-13/Demo2-13-5/index.php/News/
INFO: [ app_init ] --START--
INFO: Run Behavior\BuildLiteBehavior [ RunTime:0.000020s ]
INFO: [ app_init ] --END-- [ RunTime:0.000281s ]
INFO: [ app_begin ] --START--
INFO: Run Behavior\ReadHtmlCacheBehavior [ RunTime:0.000294s ]
INFO: [ app_begin ] --END-- [ RunTime:0.000370s ]
SQL: SHOW COLUMNS FROM `news_article` [ RunTime:0.0054s ]
SQL: SELECT * FROM `news_article` ORDER BY updatetime  [ RunTime:0.0005s ]
INFO: [ view_parse ] --START--
INFO: [ template_filter ] --START--
INFO: Run Behavior\ContentReplaceBehavior [ RunTime:0.000046s ]
INFO: [ template_filter ] --END-- [ RunTime:0.000129s ]
INFO: Run Behavior\ParseTemplateBehavior [ RunTime:0.020964s ]
INFO: [ view_parse ] --END-- [ RunTime:0.021130s ]
INFO: [ view_filter ] --START--
INFO: Run Behavior\WriteHtmlCacheBehavior [ RunTime:0.000251s ]
INFO: [ view_filter ] --END-- [ RunTime:0.000356s ]
INFO: [ app_end ] --START--
INFO: Run Behavior\ShowPageTraceBehavior [ RunTime:0.000472s ]
INFO: [ app_end ] --END-- [ RunTime:0.000582s ]

[ 2016-06-06T15:02:16+08:00 ] ::1 /2014HTML5Lession/Demo2-13/Demo2-13-5/index.php/News/add
INFO: [ app_init ] --START--
INFO: Run Behavior\BuildLiteBehavior [ RunTime:0.000022s ]
INFO: [ app_init ] --END-- [ RunTime:0.000304s ]
INFO: [ app_begin ] --START--
INFO: Run Behavior\ReadHtmlCacheBehavior [ RunTime:0.000316s ]
INFO: [ app_begin ] --END-- [ RunTime:0.000399s ]
SQL: SHOW COLUMNS FROM `news_category` [ RunTime:0.0054s ]
SQL: SELECT * FROM `news_category`  [ RunTime:0.0003s ]
INFO: [ view_parse ] --START--
INFO: [ template_filter ] --START--
INFO: Run Behavior\ContentReplaceBehavior [ RunTime:0.000059s ]
INFO: [ template_filter ] --END-- [ RunTime:0.000168s ]
NOTIC: [8] Use of undefined constant id - assumed 'id' /Library/WebServer/Documents/2014HTML5Lession/Demo2-13/Demo2-13-5/Application/Runtime/Cache/Home/dc13c30588651297360d0bed0d6cf2f8.php 第 12 行.
NOTIC: [8] Use of undefined constant categoryname - assumed 'categoryname' /Library/WebServer/Documents/2014HTML5Lession/Demo2-13/Demo2-13-5/Application/Runtime/Cache/Home/dc13c30588651297360d0bed0d6cf2f8.php 第 12 行.
NOTIC: [8] Use of undefined constant id - assumed 'id' /Library/WebServer/Documents/2014HTML5Lession/Demo2-13/Demo2-13-5/Application/Runtime/Cache/Home/dc13c30588651297360d0bed0d6cf2f8.php 第 12 行.
NOTIC: [8] Use of undefined constant categoryname - assumed 'categoryname' /Library/WebServer/Documents/2014HTML5Lession/Demo2-13/Demo2-13-5/Application/Runtime/Cache/Home/dc13c30588651297360d0bed0d6cf2f8.php 第 12 行.
INFO: Run Behavior\ParseTemplateBehavior [ RunTime:0.021328s ]
INFO: [ view_parse ] --END-- [ RunTime:0.021490s ]
INFO: [ view_filter ] --START--
INFO: Run Behavior\WriteHtmlCacheBehavior [ RunTime:0.000228s ]
INFO: [ view_filter ] --END-- [ RunTime:0.000318s ]
INFO: [ app_end ] --START--
INFO: Run Behavior\ShowPageTraceBehavior [ RunTime:0.000381s ]
INFO: [ app_end ] --END-- [ RunTime:0.000466s ]

[ 2016-06-06T15:02:32+08:00 ] ::1 /2014HTML5Lession/Demo2-13/Demo2-13-5/index.php/News/badAdd
INFO: [ app_init ] --START--
INFO: Run Behavior\BuildLiteBehavior [ RunTime:0.000020s ]
INFO: [ app_init ] --END-- [ RunTime:0.000280s ]
INFO: [ app_begin ] --START--
INFO: Run Behavior\ReadHtmlCacheBehavior [ RunTime:0.000283s ]
INFO: [ app_begin ] --END-- [ RunTime:0.000363s ]
SQL: insert into news_article(title) values('&lt;script&gt;alert(2);&lt;/script&gt;&gt;'); [ RunTime:0.0005s ]
INFO: [ app_end ] --START--
INFO: Run Behavior\ShowPageTraceBehavior [ RunTime:0.000412s ]
INFO: [ app_end ] --END-- [ RunTime:0.000499s ]

[ 2016-06-06T15:02:57+08:00 ] ::1 /2014HTML5Lession/Demo2-13/Demo2-13-5/index.php/News/badAdd
INFO: [ app_init ] --START--
INFO: Run Behavior\BuildLiteBehavior [ RunTime:0.000025s ]
INFO: [ app_init ] --END-- [ RunTime:0.000429s ]
INFO: [ app_begin ] --START--
INFO: Run Behavior\ReadHtmlCacheBehavior [ RunTime:0.000358s ]
INFO: [ app_begin ] --END-- [ RunTime:0.000443s ]
SQL: insert into news_article(title) values('&lt;script&gt;alert(2);&lt;/script&gt;&gt;'); [ RunTime:0.0006s ]
INFO: [ app_end ] --START--
INFO: Run Behavior\ShowPageTraceBehavior [ RunTime:0.000496s ]
INFO: [ app_end ] --END-- [ RunTime:0.000607s ]

[ 2016-06-06T15:03:03+08:00 ] ::1 /2014HTML5Lession/Demo2-13/Demo2-13-5/index.php/News
INFO: [ app_init ] --START--
INFO: Run Behavior\BuildLiteBehavior [ RunTime:0.000022s ]
INFO: [ app_init ] --END-- [ RunTime:0.000382s ]
INFO: [ app_begin ] --START--
INFO: Run Behavior\ReadHtmlCacheBehavior [ RunTime:0.000378s ]
INFO: [ app_begin ] --END-- [ RunTime:0.000510s ]
SQL: SHOW COLUMNS FROM `news_article` [ RunTime:0.0054s ]
SQL: SELECT * FROM `news_article` ORDER BY updatetime  [ RunTime:0.0007s ]
INFO: [ view_parse ] --START--
INFO: [ template_filter ] --START--
INFO: Run Behavior\ContentReplaceBehavior [ RunTime:0.000049s ]
INFO: [ template_filter ] --END-- [ RunTime:0.000142s ]
INFO: Run Behavior\ParseTemplateBehavior [ RunTime:0.020874s ]
INFO: [ view_parse ] --END-- [ RunTime:0.021037s ]
INFO: [ view_filter ] --START--
INFO: Run Behavior\WriteHtmlCacheBehavior [ RunTime:0.000223s ]
INFO: [ view_filter ] --END-- [ RunTime:0.000337s ]
INFO: [ app_end ] --START--
INFO: Run Behavior\ShowPageTraceBehavior [ RunTime:0.000503s ]
INFO: [ app_end ] --END-- [ RunTime:0.000628s ]

[ 2016-06-06T15:05:21+08:00 ] ::1 /2014HTML5Lession/Demo2-13/Demo2-13-5/index.php/add
INFO: [ app_init ] --START--
INFO: Run Behavior\BuildLiteBehavior [ RunTime:0.000020s ]
INFO: [ app_init ] --END-- [ RunTime:0.000300s ]
INFO: [ app_begin ] --START--
INFO: Run Behavior\ReadHtmlCacheBehavior [ RunTime:0.000311s ]
INFO: [ app_begin ] --END-- [ RunTime:0.000395s ]
ERR: 无法加载控制器:Add

[ 2016-06-06T15:05:27+08:00 ] ::1 /2014HTML5Lession/Demo2-13/Demo2-13-5/index.php/add
INFO: [ app_init ] --START--
INFO: Run Behavior\BuildLiteBehavior [ RunTime:0.000021s ]
INFO: [ app_init ] --END-- [ RunTime:0.000284s ]
INFO: [ app_begin ] --START--
INFO: Run Behavior\ReadHtmlCacheBehavior [ RunTime:0.000294s ]
INFO: [ app_begin ] --END-- [ RunTime:0.000433s ]
ERR: 无法加载控制器:Add

[ 2016-06-06T15:05:33+08:00 ] ::1 /2014HTML5Lession/Demo2-13/Demo2-13-5/index.php/News/add
INFO: [ app_init ] --START--
INFO: Run Behavior\BuildLiteBehavior [ RunTime:0.000039s ]
INFO: [ app_init ] --END-- [ RunTime:0.000429s ]
INFO: [ app_begin ] --START--
INFO: Run Behavior\ReadHtmlCacheBehavior [ RunTime:0.000468s ]
INFO: [ app_begin ] --END-- [ RunTime:0.000572s ]
SQL: SHOW COLUMNS FROM `news_category` [ RunTime:0.0017s ]
SQL: SELECT * FROM `news_category`  [ RunTime:0.0002s ]
INFO: [ view_parse ] --START--
INFO: [ template_filter ] --START--
INFO: Run Behavior\ContentReplaceBehavior [ RunTime:0.000049s ]
INFO: [ template_filter ] --END-- [ RunTime:0.000141s ]
NOTIC: [8] Use of undefined constant id - assumed 'id' /Library/WebServer/Documents/2014HTML5Lession/Demo2-13/Demo2-13-5/Application/Runtime/Cache/Home/dc13c30588651297360d0bed0d6cf2f8.php 第 12 行.
NOTIC: [8] Use of undefined constant categoryname - assumed 'categoryname' /Library/WebServer/Documents/2014HTML5Lession/Demo2-13/Demo2-13-5/Application/Runtime/Cache/Home/dc13c30588651297360d0bed0d6cf2f8.php 第 12 行.
NOTIC: [8] Use of undefined constant id - assumed 'id' /Library/WebServer/Documents/2014HTML5Lession/Demo2-13/Demo2-13-5/Application/Runtime/Cache/Home/dc13c30588651297360d0bed0d6cf2f8.php 第 12 行.
NOTIC: [8] Use of undefined constant categoryname - assumed 'categoryname' /Library/WebServer/Documents/2014HTML5Lession/Demo2-13/Demo2-13-5/Application/Runtime/Cache/Home/dc13c30588651297360d0bed0d6cf2f8.php 第 12 行.
INFO: Run Behavior\ParseTemplateBehavior [ RunTime:0.022492s ]
INFO: [ view_parse ] --END-- [ RunTime:0.022614s ]
INFO: [ view_filter ] --START--
INFO: Run Behavior\WriteHtmlCacheBehavior [ RunTime:0.000248s ]
INFO: [ view_filter ] --END-- [ RunTime:0.000352s ]
INFO: [ app_end ] --START--
INFO: Run Behavior\ShowPageTraceBehavior [ RunTime:0.000454s ]
INFO: [ app_end ] --END-- [ RunTime:0.000559s ]

[ 2016-06-06T15:05:44+08:00 ] ::1 /2014HTML5Lession/Demo2-13/Demo2-13-5/index.php/News/badAdd
INFO: [ app_init ] --START--
INFO: Run Behavior\BuildLiteBehavior [ RunTime:0.000020s ]
INFO: [ app_init ] --END-- [ RunTime:0.000284s ]
INFO: [ app_begin ] --START--
INFO: Run Behavior\ReadHtmlCacheBehavior [ RunTime:0.000283s ]
INFO: [ app_begin ] --END-- [ RunTime:0.000362s ]
SQL: insert into news_article(title) values('&lt;script&gt;alert(3);&lt;/script&gt;&gt;'); [ RunTime:0.1175s ]
INFO: [ app_end ] --START--
INFO: Run Behavior\ShowPageTraceBehavior [ RunTime:0.000527s ]
INFO: [ app_end ] --END-- [ RunTime:0.000645s ]

[ 2016-06-06T15:05:50+08:00 ] ::1 /2014HTML5Lession/Demo2-13/Demo2-13-5/index.php/News/
INFO: [ app_init ] --START--
INFO: Run Behavior\BuildLiteBehavior [ RunTime:0.000020s ]
INFO: [ app_init ] --END-- [ RunTime:0.000284s ]
INFO: [ app_begin ] --START--
INFO: Run Behavior\ReadHtmlCacheBehavior [ RunTime:0.000315s ]
INFO: [ app_begin ] --END-- [ RunTime:0.000398s ]
SQL: SHOW COLUMNS FROM `news_article` [ RunTime:0.0015s ]
SQL: SELECT * FROM `news_article` ORDER BY updatetime  [ RunTime:0.0004s ]
INFO: [ view_parse ] --START--
INFO: [ template_filter ] --START--
INFO: Run Behavior\ContentReplaceBehavior [ RunTime:0.000046s ]
INFO: [ template_filter ] --END-- [ RunTime:0.000133s ]
INFO: Run Behavior\ParseTemplateBehavior [ RunTime:0.021317s ]
INFO: [ view_parse ] --END-- [ RunTime:0.021438s ]
INFO: [ view_filter ] --START--
INFO: Run Behavior\WriteHtmlCacheBehavior [ RunTime:0.000243s ]
INFO: [ view_filter ] --END-- [ RunTime:0.000450s ]
INFO: [ app_end ] --START--
INFO: Run Behavior\ShowPageTraceBehavior [ RunTime:0.000442s ]
INFO: [ app_end ] --END-- [ RunTime:0.000567s ]

[ 2016-06-06T15:12:46+08:00 ] ::1 /2014HTML5Lession/Demo2-13/Demo2-13-5/index.php/News/add
INFO: [ app_init ] --START--
INFO: Run Behavior\BuildLiteBehavior [ RunTime:0.000021s ]
INFO: [ app_init ] --END-- [ RunTime:0.000302s ]
INFO: [ app_begin ] --START--
INFO: Run Behavior\ReadHtmlCacheBehavior [ RunTime:0.000294s ]
INFO: [ app_begin ] --END-- [ RunTime:0.000373s ]
SQL: SHOW COLUMNS FROM `news_category` [ RunTime:0.0012s ]
SQL: SELECT * FROM `news_category`  [ RunTime:0.0002s ]
INFO: [ view_parse ] --START--
INFO: [ template_filter ] --START--
INFO: Run Behavior\ContentReplaceBehavior [ RunTime:0.000048s ]
INFO: [ template_filter ] --END-- [ RunTime:0.000130s ]
NOTIC: [8] Use of undefined constant id - assumed 'id' /Library/WebServer/Documents/2014HTML5Lession/Demo2-13/Demo2-13-5/Application/Runtime/Cache/Home/dc13c30588651297360d0bed0d6cf2f8.php 第 12 行.
NOTIC: [8] Use of undefined constant categoryname - assumed 'categoryname' /Library/WebServer/Documents/2014HTML5Lession/Demo2-13/Demo2-13-5/Application/Runtime/Cache/Home/dc13c30588651297360d0bed0d6cf2f8.php 第 12 行.
NOTIC: [8] Use of undefined constant id - assumed 'id' /Library/WebServer/Documents/2014HTML5Lession/Demo2-13/Demo2-13-5/Application/Runtime/Cache/Home/dc13c30588651297360d0bed0d6cf2f8.php 第 12 行.
NOTIC: [8] Use of undefined constant categoryname - assumed 'categoryname' /Library/WebServer/Documents/2014HTML5Lession/Demo2-13/Demo2-13-5/Application/Runtime/Cache/Home/dc13c30588651297360d0bed0d6cf2f8.php 第 12 行.
INFO: Run Behavior\ParseTemplateBehavior [ RunTime:0.021023s ]
INFO: [ view_parse ] --END-- [ RunTime:0.021124s ]
INFO: [ view_filter ] --START--
INFO: Run Behavior\WriteHtmlCacheBehavior [ RunTime:0.000183s ]
INFO: [ view_filter ] --END-- [ RunTime:0.000274s ]
INFO: [ app_end ] --START--
INFO: Run Behavior\ShowPageTraceBehavior [ RunTime:0.000407s ]
INFO: [ app_end ] --END-- [ RunTime:0.000498s ]

[ 2016-06-06T15:12:52+08:00 ] ::1 /2014HTML5Lession/Demo2-13/Demo2-13-5/index.php/News/add
INFO: [ app_init ] --START--
INFO: Run Behavior\BuildLiteBehavior [ RunTime:0.000021s ]
INFO: [ app_init ] --END-- [ RunTime:0.000286s ]
INFO: [ app_begin ] --START--
INFO: Run Behavior\ReadHtmlCacheBehavior [ RunTime:0.000288s ]
INFO: [ app_begin ] --END-- [ RunTime:0.000381s ]
SQL: SHOW COLUMNS FROM `news_article` [ RunTime:0.0015s ]
NOTIC: [8] Undefined index: validate /Library/WebServer/Documents/2014HTML5Lession/Demo2-13/Demo2-13-5/ThinkPHP/Library/Think/Model.class.php 第 1185 行.
SQL: SELECT * FROM `news_article` WHERE `title` = '13123123' LIMIT 1   [ RunTime:0.0003s ]
NOTIC: [2] call_user_func_array() expects parameter 1 to be a valid callback, function 'retitle' not found or invalid function name /Library/WebServer/Documents/2014HTML5Lession/Demo2-13/Demo2-13-5/ThinkPHP/Library/Think/Model.class.php 第 1279 行.
NOTIC: [8] Undefined index: auto /Library/WebServer/Documents/2014HTML5Lession/Demo2-13/Demo2-13-5/ThinkPHP/Library/Think/Model.class.php 第 1128 行.
SQL: INSERT INTO `news_article` (`catid`,`title`,`content`,`author`,`inserttime`,`updatetime`) VALUES ('1','13123123','11231231','123123','2016-06-06 15:12:52','2016-06-06 15:12:52') [ RunTime:0.0006s ]
INFO: [ view_parse ] --START--
INFO: [ template_filter ] --START--
INFO: Run Behavior\ContentReplaceBehavior [ RunTime:0.000049s ]
INFO: [ template_filter ] --END-- [ RunTime:0.000134s ]
INFO: Run Behavior\ParseTemplateBehavior [ RunTime:0.020659s ]
INFO: [ view_parse ] --END-- [ RunTime:0.020785s ]
INFO: [ view_filter ] --START--
INFO: Run Behavior\WriteHtmlCacheBehavior [ RunTime:0.000189s ]
INFO: [ view_filter ] --END-- [ RunTime:0.000267s ]
INFO: [ app_end ] --START--
INFO: Run Behavior\ShowPageTraceBehavior [ RunTime:0.000366s ]
INFO: [ app_end ] --END-- [ RunTime:0.000445s ]

[ 2016-06-06T15:12:53+08:00 ] ::1 /2014HTML5Lession/Demo2-13/Demo2-13-5/index.php/News/index
INFO: [ app_init ] --START--
INFO: Run Behavior\BuildLiteBehavior [ RunTime:0.000022s ]
INFO: [ app_init ] --END-- [ RunTime:0.000306s ]
INFO: [ app_begin ] --START--
INFO: Run Behavior\ReadHtmlCacheBehavior [ RunTime:0.000370s ]
INFO: [ app_begin ] --END-- [ RunTime:0.000458s ]
SQL: SHOW COLUMNS FROM `news_article` [ RunTime:0.0052s ]
SQL: SELECT * FROM `news_article` ORDER BY updatetime  [ RunTime:0.0005s ]
INFO: [ view_parse ] --START--
INFO: [ template_filter ] --START--
INFO: Run Behavior\ContentReplaceBehavior [ RunTime:0.000087s ]
INFO: [ template_filter ] --END-- [ RunTime:0.000260s ]
INFO: Run Behavior\ParseTemplateBehavior [ RunTime:0.021419s ]
INFO: [ view_parse ] --END-- [ RunTime:0.021535s ]
INFO: [ view_filter ] --START--
INFO: Run Behavior\WriteHtmlCacheBehavior [ RunTime:0.000202s ]
INFO: [ view_filter ] --END-- [ RunTime:0.000309s ]
INFO: [ app_end ] --START--
INFO: Run Behavior\ShowPageTraceBehavior [ RunTime:0.000611s ]
INFO: [ app_end ] --END-- [ RunTime:0.000774s ]

[ 2016-06-06T15:16:29+08:00 ] ::1 /2014HTML5Lession/Demo2-13/Demo2-13-5/index.php/News/add
INFO: [ app_init ] --START--
INFO: Run Behavior\BuildLiteBehavior [ RunTime:0.000019s ]
INFO: [ app_init ] --END-- [ RunTime:0.000277s ]
INFO: [ app_begin ] --START--
INFO: Run Behavior\ReadHtmlCacheBehavior [ RunTime:0.000286s ]
INFO: [ app_begin ] --END-- [ RunTime:0.000364s ]
SQL: SHOW COLUMNS FROM `news_category` [ RunTime:0.0054s ]
SQL: SELECT * FROM `news_category`  [ RunTime:0.0004s ]
INFO: [ view_parse ] --START--
INFO: [ template_filter ] --START--
INFO: Run Behavior\ContentReplaceBehavior [ RunTime:0.000051s ]
INFO: [ template_filter ] --END-- [ RunTime:0.000147s ]
NOTIC: [8] Use of undefined constant id - assumed 'id' /Library/WebServer/Documents/2014HTML5Lession/Demo2-13/Demo2-13-5/Application/Runtime/Cache/Home/dc13c30588651297360d0bed0d6cf2f8.php 第 12 行.
NOTIC: [8] Use of undefined constant categoryname - assumed 'categoryname' /Library/WebServer/Documents/2014HTML5Lession/Demo2-13/Demo2-13-5/Application/Runtime/Cache/Home/dc13c30588651297360d0bed0d6cf2f8.php 第 12 行.
NOTIC: [8] Use of undefined constant id - assumed 'id' /Library/WebServer/Documents/2014HTML5Lession/Demo2-13/Demo2-13-5/Application/Runtime/Cache/Home/dc13c30588651297360d0bed0d6cf2f8.php 第 12 行.
NOTIC: [8] Use of undefined constant categoryname - assumed 'categoryname' /Library/WebServer/Documents/2014HTML5Lession/Demo2-13/Demo2-13-5/Application/Runtime/Cache/Home/dc13c30588651297360d0bed0d6cf2f8.php 第 12 行.
INFO: Run Behavior\ParseTemplateBehavior [ RunTime:0.021596s ]
INFO: [ view_parse ] --END-- [ RunTime:0.021700s ]
INFO: [ view_filter ] --START--
INFO: Run Behavior\WriteHtmlCacheBehavior [ RunTime:0.000234s ]
INFO: [ view_filter ] --END-- [ RunTime:0.000333s ]
INFO: [ app_end ] --START--
INFO: Run Behavior\ShowPageTraceBehavior [ RunTime:0.000338s ]
INFO: [ app_end ] --END-- [ RunTime:0.000413s ]

[ 2016-06-06T15:16:33+08:00 ] ::1 /2014HTML5Lession/Demo2-13/Demo2-13-5/index.php/News/add
INFO: [ app_init ] --START--
INFO: Run Behavior\BuildLiteBehavior [ RunTime:0.000020s ]
INFO: [ app_init ] --END-- [ RunTime:0.000289s ]
INFO: [ app_begin ] --START--
INFO: Run Behavior\ReadHtmlCacheBehavior [ RunTime:0.000299s ]
INFO: [ app_begin ] --END-- [ RunTime:0.000383s ]
SQL: SHOW COLUMNS FROM `news_article` [ RunTime:0.0014s ]
NOTIC: [8] Undefined index: validate /Library/WebServer/Documents/2014HTML5Lession/Demo2-13/Demo2-13-5/ThinkPHP/Library/Think/Model.class.php 第 1185 行.
SQL: SELECT * FROM `news_article` WHERE `title` = '1' LIMIT 1   [ RunTime:0.0004s ]
NOTIC: [2] call_user_func_array() expects parameter 1 to be a valid callback, function 'retitle' not found or invalid function name /Library/WebServer/Documents/2014HTML5Lession/Demo2-13/Demo2-13-5/ThinkPHP/Library/Think/Model.class.php 第 1279 行.
NOTIC: [8] Undefined index: auto /Library/WebServer/Documents/2014HTML5Lession/Demo2-13/Demo2-13-5/ThinkPHP/Library/Think/Model.class.php 第 1128 行.
SQL: INSERT INTO `news_article` (`catid`,`title`,`content`,`author`,`inserttime`,`updatetime`) VALUES ('1','1','1','1','2016-06-06 15:16:33','2016-06-06 15:16:33') [ RunTime:0.0006s ]
INFO: [ view_parse ] --START--
INFO: [ template_filter ] --START--
INFO: Run Behavior\ContentReplaceBehavior [ RunTime:0.000047s ]
INFO: [ template_filter ] --END-- [ RunTime:0.000135s ]
INFO: Run Behavior\ParseTemplateBehavior [ RunTime:0.020556s ]
INFO: [ view_parse ] --END-- [ RunTime:0.020687s ]
INFO: [ view_filter ] --START--
INFO: Run Behavior\WriteHtmlCacheBehavior [ RunTime:0.000197s ]
INFO: [ view_filter ] --END-- [ RunTime:0.000303s ]
INFO: [ app_end ] --START--
INFO: Run Behavior\ShowPageTraceBehavior [ RunTime:0.000515s ]
INFO: [ app_end ] --END-- [ RunTime:0.000628s ]

[ 2016-06-06T15:16:34+08:00 ] ::1 /2014HTML5Lession/Demo2-13/Demo2-13-5/index.php/News/index.html
INFO: [ app_init ] --START--
INFO: Run Behavior\BuildLiteBehavior [ RunTime:0.000019s ]
INFO: [ app_init ] --END-- [ RunTime:0.000318s ]
INFO: [ app_begin ] --START--
INFO: Run Behavior\ReadHtmlCacheBehavior [ RunTime:0.000288s ]
INFO: [ app_begin ] --END-- [ RunTime:0.000365s ]
SQL: SHOW COLUMNS FROM `news_article` [ RunTime:0.0055s ]
SQL: SELECT * FROM `news_article` ORDER BY updatetime  [ RunTime:0.0005s ]
INFO: [ view_parse ] --START--
INFO: [ template_filter ] --START--
INFO: Run Behavior\ContentReplaceBehavior [ RunTime:0.000054s ]
INFO: [ template_filter ] --END-- [ RunTime:0.000162s ]
INFO: Run Behavior\ParseTemplateBehavior [ RunTime:0.020438s ]
INFO: [ view_parse ] --END-- [ RunTime:0.020606s ]
INFO: [ view_filter ] --START--
INFO: Run Behavior\WriteHtmlCacheBehavior [ RunTime:0.000194s ]
INFO: [ view_filter ] --END-- [ RunTime:0.000288s ]
INFO: [ app_end ] --START--
INFO: Run Behavior\ShowPageTraceBehavior [ RunTime:0.000692s ]
INFO: [ app_end ] --END-- [ RunTime:0.000801s ]

[ 2016-06-06T15:17:03+08:00 ] ::1 /2014HTML5Lession/Demo2-13/Demo2-13-5/index.php/News/add
INFO: [ app_init ] --START--
INFO: Run Behavior\BuildLiteBehavior [ RunTime:0.000022s ]
INFO: [ app_init ] --END-- [ RunTime:0.000293s ]
INFO: [ app_begin ] --START--
INFO: Run Behavior\ReadHtmlCacheBehavior [ RunTime:0.000304s ]
INFO: [ app_begin ] --END-- [ RunTime:0.000384s ]
SQL: SHOW COLUMNS FROM `news_category` [ RunTime:0.0056s ]
SQL: SELECT * FROM `news_category`  [ RunTime:0.0003s ]
INFO: [ view_parse ] --START--
INFO: [ template_filter ] --START--
INFO: Run Behavior\ContentReplaceBehavior [ RunTime:0.000051s ]
INFO: [ template_filter ] --END-- [ RunTime:0.000157s ]
NOTIC: [8] Use of undefined constant id - assumed 'id' /Library/WebServer/Documents/2014HTML5Lession/Demo2-13/Demo2-13-5/Application/Runtime/Cache/Home/dc13c30588651297360d0bed0d6cf2f8.php 第 12 行.
NOTIC: [8] Use of undefined constant categoryname - assumed 'categoryname' /Library/WebServer/Documents/2014HTML5Lession/Demo2-13/Demo2-13-5/Application/Runtime/Cache/Home/dc13c30588651297360d0bed0d6cf2f8.php 第 12 行.
NOTIC: [8] Use of undefined constant id - assumed 'id' /Library/WebServer/Documents/2014HTML5Lession/Demo2-13/Demo2-13-5/Application/Runtime/Cache/Home/dc13c30588651297360d0bed0d6cf2f8.php 第 12 行.
NOTIC: [8] Use of undefined constant categoryname - assumed 'categoryname' /Library/WebServer/Documents/2014HTML5Lession/Demo2-13/Demo2-13-5/Application/Runtime/Cache/Home/dc13c30588651297360d0bed0d6cf2f8.php 第 12 行.
INFO: Run Behavior\ParseTemplateBehavior [ RunTime:0.021353s ]
INFO: [ view_parse ] --END-- [ RunTime:0.021454s ]
INFO: [ view_filter ] --START--
INFO: Run Behavior\WriteHtmlCacheBehavior [ RunTime:0.000182s ]
INFO: [ view_filter ] --END-- [ RunTime:0.000277s ]
INFO: [ app_end ] --START--
INFO: Run Behavior\ShowPageTraceBehavior [ RunTime:0.000594s ]
INFO: [ app_end ] --END-- [ RunTime:0.000723s ]

[ 2016-06-06T15:17:08+08:00 ] ::1 /2014HTML5Lession/Demo2-13/Demo2-13-5/index.php/News/add
INFO: [ app_init ] --START--
INFO: Run Behavior\BuildLiteBehavior [ RunTime:0.000023s ]
INFO: [ app_init ] --END-- [ RunTime:0.000342s ]
INFO: [ app_begin ] --START--
INFO: Run Behavior\ReadHtmlCacheBehavior [ RunTime:0.000301s ]
INFO: [ app_begin ] --END-- [ RunTime:0.000381s ]
SQL: SHOW COLUMNS FROM `news_article` [ RunTime:0.0014s ]
NOTIC: [8] Undefined index: validate /Library/WebServer/Documents/2014HTML5Lession/Demo2-13/Demo2-13-5/ThinkPHP/Library/Think/Model.class.php 第 1185 行.
SQL: SELECT * FROM `news_article` WHERE `title` = '123' LIMIT 1   [ RunTime:0.0003s ]
INFO: [ view_parse ] --START--
INFO: [ template_filter ] --START--
INFO: Run Behavior\ContentReplaceBehavior [ RunTime:0.000048s ]
INFO: [ template_filter ] --END-- [ RunTime:0.000141s ]
INFO: Run Behavior\ParseTemplateBehavior [ RunTime:0.020913s ]
INFO: [ view_parse ] --END-- [ RunTime:0.021035s ]
INFO: [ view_filter ] --START--
INFO: Run Behavior\WriteHtmlCacheBehavior [ RunTime:0.000199s ]
INFO: [ view_filter ] --END-- [ RunTime:0.000305s ]

[ 2016-06-06T15:17:17+08:00 ] ::1 /2014HTML5Lession/Demo2-13/Demo2-13-5/index.php/News/add
INFO: [ app_init ] --START--
INFO: Run Behavior\BuildLiteBehavior [ RunTime:0.000021s ]
INFO: [ app_init ] --END-- [ RunTime:0.000288s ]
INFO: [ app_begin ] --START--
INFO: Run Behavior\ReadHtmlCacheBehavior [ RunTime:0.000291s ]
INFO: [ app_begin ] --END-- [ RunTime:0.000373s ]
SQL: SHOW COLUMNS FROM `news_article` [ RunTime:0.0015s ]
NOTIC: [8] Undefined index: validate /Library/WebServer/Documents/2014HTML5Lession/Demo2-13/Demo2-13-5/ThinkPHP/Library/Think/Model.class.php 第 1185 行.
SQL: SELECT * FROM `news_article` WHERE `title` = '12333333' LIMIT 1   [ RunTime:0.0003s ]
NOTIC: [2] call_user_func_array() expects parameter 1 to be a valid callback, function 'retitle' not found or invalid function name /Library/WebServer/Documents/2014HTML5Lession/Demo2-13/Demo2-13-5/ThinkPHP/Library/Think/Model.class.php 第 1279 行.
NOTIC: [8] Undefined index: auto /Library/WebServer/Documents/2014HTML5Lession/Demo2-13/Demo2-13-5/ThinkPHP/Library/Think/Model.class.php 第 1128 行.
SQL: INSERT INTO `news_article` (`catid`,`title`,`content`,`author`,`inserttime`,`updatetime`) VALUES ('1','12333333','123','123','2016-06-06 15:17:17','2016-06-06 15:17:17') [ RunTime:0.0018s ]
INFO: [ view_parse ] --START--
INFO: [ template_filter ] --START--
INFO: Run Behavior\ContentReplaceBehavior [ RunTime:0.000051s ]
INFO: [ template_filter ] --END-- [ RunTime:0.000144s ]
INFO: Run Behavior\ParseTemplateBehavior [ RunTime:0.021007s ]
INFO: [ view_parse ] --END-- [ RunTime:0.021156s ]
INFO: [ view_filter ] --START--
INFO: Run Behavior\WriteHtmlCacheBehavior [ RunTime:0.000250s ]
INFO: [ view_filter ] --END-- [ RunTime:0.000359s ]
INFO: [ app_end ] --START--
INFO: Run Behavior\ShowPageTraceBehavior [ RunTime:0.000409s ]
INFO: [ app_end ] --END-- [ RunTime:0.000501s ]

[ 2016-06-06T15:17:18+08:00 ] ::1 /2014HTML5Lession/Demo2-13/Demo2-13-5/index.php/Index/index.html
INFO: [ app_init ] --START--
INFO: Run Behavior\BuildLiteBehavior [ RunTime:0.000037s ]
INFO: [ app_init ] --END-- [ RunTime:0.000553s ]
INFO: [ app_begin ] --START--
INFO: Run Behavior\ReadHtmlCacheBehavior [ RunTime:0.000348s ]
INFO: [ app_begin ] --END-- [ RunTime:0.000435s ]
INFO: [ view_parse ] --START--
INFO: Run Behavior\ParseTemplateBehavior [ RunTime:0.000341s ]
INFO: [ view_parse ] --END-- [ RunTime:0.000459s ]
INFO: [ view_filter ] --START--
INFO: Run Behavior\WriteHtmlCacheBehavior [ RunTime:0.000198s ]
INFO: [ view_filter ] --END-- [ RunTime:0.000315s ]
INFO: [ app_end ] --START--
INFO: Run Behavior\ShowPageTraceBehavior [ RunTime:0.000362s ]
INFO: [ app_end ] --END-- [ RunTime:0.000445s ]

[ 2016-06-06T15:17:55+08:00 ] ::1 /2014HTML5Lession/Demo2-13/Demo2-13-5/index.php/Index/index.php/News/index
INFO: [ app_init ] --START--
INFO: Run Behavior\BuildLiteBehavior [ RunTime:0.000020s ]
INFO: [ app_init ] --END-- [ RunTime:0.000285s ]
INFO: [ app_begin ] --START--
INFO: Run Behavior\ReadHtmlCacheBehavior [ RunTime:0.000297s ]
INFO: [ app_begin ] --END-- [ RunTime:0.000376s ]
ERR: 非法操作:index.php

[ 2016-06-06T15:18:00+08:00 ] ::1 /2014HTML5Lession/Demo2-13/Demo2-13-5/index.php/Index/index.php/News/index
INFO: [ app_init ] --START--
INFO: Run Behavior\BuildLiteBehavior [ RunTime:0.000022s ]
INFO: [ app_init ] --END-- [ RunTime:0.000334s ]
INFO: [ app_begin ] --START--
INFO: Run Behavior\ReadHtmlCacheBehavior [ RunTime:0.000305s ]
INFO: [ app_begin ] --END-- [ RunTime:0.000383s ]
ERR: 非法操作:index.php

[ 2016-06-06T15:18:08+08:00 ] ::1 /2014HTML5Lession/Demo2-13/Demo2-13-5/index.php/News/
INFO: [ app_init ] --START--
INFO: Run Behavior\BuildLiteBehavior [ RunTime:0.000021s ]
INFO: [ app_init ] --END-- [ RunTime:0.000297s ]
INFO: [ app_begin ] --START--
INFO: Run Behavior\ReadHtmlCacheBehavior [ RunTime:0.000313s ]
INFO: [ app_begin ] --END-- [ RunTime:0.000392s ]
SQL: SHOW COLUMNS FROM `news_article` [ RunTime:0.0016s ]
SQL: SELECT * FROM `news_article` ORDER BY updatetime  [ RunTime:0.0005s ]
INFO: [ view_parse ] --START--
INFO: [ template_filter ] --START--
INFO: Run Behavior\ContentReplaceBehavior [ RunTime:0.000046s ]
INFO: [ template_filter ] --END-- [ RunTime:0.000127s ]
INFO: Run Behavior\ParseTemplateBehavior [ RunTime:0.021410s ]
INFO: [ view_parse ] --END-- [ RunTime:0.021535s ]
INFO: [ view_filter ] --START--
INFO: Run Behavior\WriteHtmlCacheBehavior [ RunTime:0.000300s ]
INFO: [ view_filter ] --END-- [ RunTime:0.000487s ]
INFO: [ app_end ] --START--
INFO: Run Behavior\ShowPageTraceBehavior [ RunTime:0.000668s ]
INFO: [ app_end ] --END-- [ RunTime:0.000810s ]

[ 2016-06-06T15:18:52+08:00 ] ::1 /2014HTML5Lession/Demo2-13/Demo2-13-5/index.php/News/add
INFO: [ app_init ] --START--
INFO: Run Behavior\BuildLiteBehavior [ RunTime:0.000020s ]
INFO: [ app_init ] --END-- [ RunTime:0.000283s ]
INFO: [ app_begin ] --START--
INFO: Run Behavior\ReadHtmlCacheBehavior [ RunTime:0.000292s ]
INFO: [ app_begin ] --END-- [ RunTime:0.000371s ]
SQL: SHOW COLUMNS FROM `news_category` [ RunTime:0.0054s ]
SQL: SELECT * FROM `news_category`  [ RunTime:0.0004s ]
INFO: [ view_parse ] --START--
INFO: [ template_filter ] --START--
INFO: Run Behavior\ContentReplaceBehavior [ RunTime:0.000058s ]
INFO: [ template_filter ] --END-- [ RunTime:0.000169s ]
NOTIC: [8] Use of undefined constant id - assumed 'id' /Library/WebServer/Documents/2014HTML5Lession/Demo2-13/Demo2-13-5/Application/Runtime/Cache/Home/dc13c30588651297360d0bed0d6cf2f8.php 第 12 行.
NOTIC: [8] Use of undefined constant categoryname - assumed 'categoryname' /Library/WebServer/Documents/2014HTML5Lession/Demo2-13/Demo2-13-5/Application/Runtime/Cache/Home/dc13c30588651297360d0bed0d6cf2f8.php 第 12 行.
NOTIC: [8] Use of undefined constant id - assumed 'id' /Library/WebServer/Documents/2014HTML5Lession/Demo2-13/Demo2-13-5/Application/Runtime/Cache/Home/dc13c30588651297360d0bed0d6cf2f8.php 第 12 行.
NOTIC: [8] Use of undefined constant categoryname - assumed 'categoryname' /Library/WebServer/Documents/2014HTML5Lession/Demo2-13/Demo2-13-5/Application/Runtime/Cache/Home/dc13c30588651297360d0bed0d6cf2f8.php 第 12 行.
INFO: Run Behavior\ParseTemplateBehavior [ RunTime:0.022379s ]
INFO: [ view_parse ] --END-- [ RunTime:0.022490s ]
INFO: [ view_filter ] --START--
INFO: Run Behavior\WriteHtmlCacheBehavior [ RunTime:0.000202s ]
INFO: [ view_filter ] --END-- [ RunTime:0.000283s ]
INFO: [ app_end ] --START--
INFO: Run Behavior\ShowPageTraceBehavior [ RunTime:0.000433s ]
INFO: [ app_end ] --END-- [ RunTime:0.000534s ]

[ 2016-06-06T15:18:53+08:00 ] ::1 /2014HTML5Lession/Demo2-13/Demo2-13-5/index.php/News/add
INFO: [ app_init ] --START--
INFO: Run Behavior\BuildLiteBehavior [ RunTime:0.000021s ]
INFO: [ app_init ] --END-- [ RunTime:0.000273s ]
INFO: [ app_begin ] --START--
INFO: Run Behavior\ReadHtmlCacheBehavior [ RunTime:0.000278s ]
INFO: [ app_begin ] --END-- [ RunTime:0.000357s ]
SQL: SHOW COLUMNS FROM `news_article` [ RunTime:0.0055s ]
NOTIC: [8] Undefined index: validate /Library/WebServer/Documents/2014HTML5Lession/Demo2-13/Demo2-13-5/ThinkPHP/Library/Think/Model.class.php 第 1185 行.
INFO: [ view_parse ] --START--
INFO: [ template_filter ] --START--
INFO: Run Behavior\ContentReplaceBehavior [ RunTime:0.000047s ]
INFO: [ template_filter ] --END-- [ RunTime:0.000128s ]
INFO: Run Behavior\ParseTemplateBehavior [ RunTime:0.019619s ]
INFO: [ view_parse ] --END-- [ RunTime:0.019747s ]
INFO: [ view_filter ] --START--
INFO: Run Behavior\WriteHtmlCacheBehavior [ RunTime:0.000217s ]
INFO: [ view_filter ] --END-- [ RunTime:0.000321s ]

[ 2016-06-06T15:18:59+08:00 ] ::1 /2014HTML5Lession/Demo2-13/Demo2-13-5/index.php/News/add
INFO: [ app_init ] --START--
INFO: Run Behavior\BuildLiteBehavior [ RunTime:0.000019s ]
INFO: [ app_init ] --END-- [ RunTime:0.000272s ]
INFO: [ app_begin ] --START--
INFO: Run Behavior\ReadHtmlCacheBehavior [ RunTime:0.000286s ]
INFO: [ app_begin ] --END-- [ RunTime:0.000417s ]
SQL: SHOW COLUMNS FROM `news_article` [ RunTime:0.0017s ]
NOTIC: [8] Undefined index: validate /Library/WebServer/Documents/2014HTML5Lession/Demo2-13/Demo2-13-5/ThinkPHP/Library/Think/Model.class.php 第 1185 行.
INFO: [ view_parse ] --START--
INFO: [ template_filter ] --START--
INFO: Run Behavior\ContentReplaceBehavior [ RunTime:0.000051s ]
INFO: [ template_filter ] --END-- [ RunTime:0.000141s ]
INFO: Run Behavior\ParseTemplateBehavior [ RunTime:0.020605s ]
INFO: [ view_parse ] --END-- [ RunTime:0.020723s ]
INFO: [ view_filter ] --START--
INFO: Run Behavior\WriteHtmlCacheBehavior [ RunTime:0.000170s ]
INFO: [ view_filter ] --END-- [ RunTime:0.000253s ]

[ 2016-06-06T15:19:03+08:00 ] ::1 /2014HTML5Lession/Demo2-13/Demo2-13-5/index.php/News/add
INFO: [ app_init ] --START--
INFO: Run Behavior\BuildLiteBehavior [ RunTime:0.000020s ]
INFO: [ app_init ] --END-- [ RunTime:0.000278s ]
INFO: [ app_begin ] --START--
INFO: Run Behavior\ReadHtmlCacheBehavior [ RunTime:0.000425s ]
INFO: [ app_begin ] --END-- [ RunTime:0.000545s ]
SQL: SHOW COLUMNS FROM `news_article` [ RunTime:0.0020s ]
NOTIC: [8] Undefined index: validate /Library/WebServer/Documents/2014HTML5Lession/Demo2-13/Demo2-13-5/ThinkPHP/Library/Think/Model.class.php 第 1185 行.
INFO: [ view_parse ] --START--
INFO: [ template_filter ] --START--
INFO: Run Behavior\ContentReplaceBehavior [ RunTime:0.000050s ]
INFO: [ template_filter ] --END-- [ RunTime:0.000143s ]
INFO: Run Behavior\ParseTemplateBehavior [ RunTime:0.020479s ]
INFO: [ view_parse ] --END-- [ RunTime:0.020666s ]
INFO: [ view_filter ] --START--
INFO: Run Behavior\WriteHtmlCacheBehavior [ RunTime:0.000223s ]
INFO: [ view_filter ] --END-- [ RunTime:0.000328s ]

[ 2016-06-06T15:21:54+08:00 ] ::1 /2014HTML5Lession/Demo2-13/Demo2-13-5/index.php/News/test
INFO: [ app_init ] --START--
INFO: Run Behavior\BuildLiteBehavior [ RunTime:0.000036s ]
INFO: [ app_init ] --END-- [ RunTime:0.000458s ]
INFO: [ app_begin ] --START--
INFO: Run Behavior\ReadHtmlCacheBehavior [ RunTime:0.000339s ]
INFO: [ app_begin ] --END-- [ RunTime:0.000427s ]

[ 2016-06-06T15:21:54+08:00 ] ::1 /2014HTML5Lession/Demo2-13/Demo2-13-5/index.php/Index/index.html
INFO: [ app_init ] --START--
INFO: Run Behavior\BuildLiteBehavior [ RunTime:0.000402s ]
INFO: [ app_init ] --END-- [ RunTime:0.001148s ]
INFO: [ app_begin ] --START--
INFO: Run Behavior\ReadHtmlCacheBehavior [ RunTime:0.000490s ]
INFO: [ app_begin ] --END-- [ RunTime:0.000621s ]
INFO: [ view_parse ] --START--
INFO: Run Behavior\ParseTemplateBehavior [ RunTime:0.000382s ]
INFO: [ view_parse ] --END-- [ RunTime:0.000516s ]
INFO: [ view_filter ] --START--
INFO: Run Behavior\WriteHtmlCacheBehavior [ RunTime:0.000243s ]
INFO: [ view_filter ] --END-- [ RunTime:0.000330s ]
INFO: [ app_end ] --START--
INFO: Run Behavior\ShowPageTraceBehavior [ RunTime:0.000422s ]
INFO: [ app_end ] --END-- [ RunTime:0.000529s ]

[ 2016-06-06T15:22:32+08:00 ] ::1 /2014HTML5Lession/Demo2-13/Demo2-13-5/index.php/News/test
INFO: [ app_init ] --START--
INFO: Run Behavior\BuildLiteBehavior [ RunTime:0.000022s ]
INFO: [ app_init ] --END-- [ RunTime:0.000320s ]
INFO: [ app_begin ] --START--
INFO: Run Behavior\ReadHtmlCacheBehavior [ RunTime:0.000364s ]
INFO: [ app_begin ] --END-- [ RunTime:0.000460s ]

[ 2016-06-06T15:22:35+08:00 ] ::1 /2014HTML5Lession/Demo2-13/Demo2-13-5/index.php/Index/index.html
INFO: [ app_init ] --START--
INFO: Run Behavior\BuildLiteBehavior [ RunTime:0.000022s ]
INFO: [ app_init ] --END-- [ RunTime:0.000387s ]
INFO: [ app_begin ] --START--
INFO: Run Behavior\ReadHtmlCacheBehavior [ RunTime:0.000327s ]
INFO: [ app_begin ] --END-- [ RunTime:0.000414s ]
INFO: [ view_parse ] --START--
INFO: Run Behavior\ParseTemplateBehavior [ RunTime:0.000206s ]
INFO: [ view_parse ] --END-- [ RunTime:0.000294s ]
INFO: [ view_filter ] --START--
INFO: Run Behavior\WriteHtmlCacheBehavior [ RunTime:0.000125s ]
INFO: [ view_filter ] --END-- [ RunTime:0.000241s ]
INFO: [ app_end ] --START--
INFO: Run Behavior\ShowPageTraceBehavior [ RunTime:0.000352s ]
INFO: [ app_end ] --END-- [ RunTime:0.000437s ]

[ 2016-06-06T15:23:34+08:00 ] ::1 /2014HTML5Lession/Demo2-13/Demo2-13-5/index.php/News/test
INFO: [ app_init ] --START--
INFO: Run Behavior\BuildLiteBehavior [ RunTime:0.000023s ]
INFO: [ app_init ] --END-- [ RunTime:0.000324s ]
INFO: [ app_begin ] --START--
INFO: Run Behavior\ReadHtmlCacheBehavior [ RunTime:0.000428s ]
INFO: [ app_begin ] --END-- [ RunTime:0.000553s ]

[ 2016-06-06T15:23:37+08:00 ] ::1 /2014HTML5Lession/Demo2-13/Demo2-13-5/index.php/Admin/Index/index.html
INFO: [ app_init ] --START--
INFO: Run Behavior\BuildLiteBehavior [ RunTime:0.000021s ]
INFO: [ app_init ] --END-- [ RunTime:0.000295s ]
INFO: [ app_begin ] --START--
INFO: Run Behavior\ReadHtmlCacheBehavior [ RunTime:0.000313s ]
INFO: [ app_begin ] --END-- [ RunTime:0.000398s ]
ERR: 无法加载控制器:Admin

[ 2016-06-06T15:24:01+08:00 ] ::1 /2014HTML5Lession/Demo2-13/Demo2-13-5/index.php/News/test
INFO: [ app_init ] --START--
INFO: Run Behavior\BuildLiteBehavior [ RunTime:0.000023s ]
INFO: [ app_init ] --END-- [ RunTime:0.000337s ]
INFO: [ app_begin ] --START--
INFO: Run Behavior\ReadHtmlCacheBehavior [ RunTime:0.000322s ]
INFO: [ app_begin ] --END-- [ RunTime:0.000409s ]

[ 2016-06-06T15:24:04+08:00 ] ::1 /2014HTML5Lession/Demo2-13/Demo2-13-5/index.php/Admin/index.html
INFO: [ app_init ] --START--
INFO: Run Behavior\BuildLiteBehavior [ RunTime:0.000031s ]
INFO: [ app_init ] --END-- [ RunTime:0.000349s ]
INFO: [ app_begin ] --START--
INFO: Run Behavior\ReadHtmlCacheBehavior [ RunTime:0.000351s ]
INFO: [ app_begin ] --END-- [ RunTime:0.000439s ]
ERR: 无法加载控制器:Admin

[ 2016-06-06T15:24:15+08:00 ] ::1 /2014HTML5Lession/Demo2-13/Demo2-13-5/index.php/Admin/index.html
INFO: [ app_init ] --START--
INFO: Run Behavior\BuildLiteBehavior [ RunTime:0.000022s ]
INFO: [ app_init ] --END-- [ RunTime:0.000344s ]
INFO: [ app_begin ] --START--
INFO: Run Behavior\ReadHtmlCacheBehavior [ RunTime:0.000304s ]
INFO: [ app_begin ] --END-- [ RunTime:0.000383s ]
ERR: 无法加载控制器:Admin

[ 2016-06-06T15:25:08+08:00 ] ::1 /2014HTML5Lession/Demo2-13/Demo2-13-5/index.php/News/
INFO: [ app_init ] --START--
INFO: Run Behavior\BuildLiteBehavior [ RunTime:0.000025s ]
INFO: [ app_init ] --END-- [ RunTime:0.000402s ]
INFO: [ app_begin ] --START--
INFO: Run Behavior\ReadHtmlCacheBehavior [ RunTime:0.000403s ]
INFO: [ app_begin ] --END-- [ RunTime:0.000489s ]
SQL: SHOW COLUMNS FROM `news_article` [ RunTime:0.0014s ]
SQL: SELECT * FROM `news_article` ORDER BY updatetime  [ RunTime:0.0004s ]
INFO: [ view_parse ] --START--
INFO: [ template_filter ] --START--
INFO: Run Behavior\ContentReplaceBehavior [ RunTime:0.000047s ]
INFO: [ template_filter ] --END-- [ RunTime:0.000130s ]
INFO: Run Behavior\ParseTemplateBehavior [ RunTime:0.020996s ]
INFO: [ view_parse ] --END-- [ RunTime:0.021139s ]
INFO: [ view_filter ] --START--
INFO: Run Behavior\WriteHtmlCacheBehavior [ RunTime:0.000240s ]
INFO: [ view_filter ] --END-- [ RunTime:0.000344s ]
INFO: [ app_end ] --START--
INFO: Run Behavior\ShowPageTraceBehavior [ RunTime:0.000462s ]
INFO: [ app_end ] --END-- [ RunTime:0.000575s ]

[ 2016-06-06T15:25:20+08:00 ] ::1 /2014HTML5Lession/Demo2-13/Demo2-13-5/index.php/news/
INFO: [ app_init ] --START--
INFO: Run Behavior\BuildLiteBehavior [ RunTime:0.000023s ]
INFO: [ app_init ] --END-- [ RunTime:0.000352s ]
INFO: [ app_begin ] --START--
INFO: Run Behavior\ReadHtmlCacheBehavior [ RunTime:0.000485s ]
INFO: [ app_begin ] --END-- [ RunTime:0.000585s ]
SQL: SHOW COLUMNS FROM `news_article` [ RunTime:0.0013s ]
SQL: SELECT * FROM `news_article` ORDER BY updatetime  [ RunTime:0.0005s ]
INFO: [ view_parse ] --START--
INFO: [ template_filter ] --START--
INFO: Run Behavior\ContentReplaceBehavior [ RunTime:0.000050s ]
INFO: [ template_filter ] --END-- [ RunTime:0.000150s ]
INFO: Run Behavior\ParseTemplateBehavior [ RunTime:0.022755s ]
INFO: [ view_parse ] --END-- [ RunTime:0.022884s ]
INFO: [ view_filter ] --START--
INFO: Run Behavior\WriteHtmlCacheBehavior [ RunTime:0.000207s ]
INFO: [ view_filter ] --END-- [ RunTime:0.000311s ]
INFO: [ app_end ] --START--
INFO: Run Behavior\ShowPageTraceBehavior [ RunTime:0.000455s ]
INFO: [ app_end ] --END-- [ RunTime:0.000552s ]

