[ 2016-06-06T14:33:29+08:00 ] 127.0.0.1 /demo/Demo2-13-4/
INFO: [ app_init ] --START--
INFO: Run Behavior\BuildLiteBehavior [ RunTime:0.000023s ]
INFO: [ app_init ] --END-- [ RunTime:0.040274s ]
INFO: [ app_begin ] --START--
INFO: Run Behavior\ReadHtmlCacheBehavior [ RunTime:0.002387s ]
INFO: [ app_begin ] --END-- [ RunTime:0.002604s ]
INFO: [ view_parse ] --START--
INFO: Run Behavior\ParseTemplateBehavior [ RunTime:0.010053s ]
INFO: [ view_parse ] --END-- [ RunTime:0.010299s ]
INFO: [ view_filter ] --START--
INFO: Run Behavior\WriteHtmlCacheBehavior [ RunTime:0.001411s ]
INFO: [ view_filter ] --END-- [ RunTime:0.001575s ]
INFO: [ app_end ] --START--
INFO: Run Behavior\ShowPageTraceBehavior [ RunTime:0.003003s ]
INFO: [ app_end ] --END-- [ RunTime:0.003222s ]

[ 2016-06-06T14:33:33+08:00 ] 127.0.0.1 /demo/Demo2-13-4/index.php/News/index
INFO: [ app_init ] --START--
INFO: Run Behavior\BuildLiteBehavior [ RunTime:0.000013s ]
INFO: [ app_init ] --END-- [ RunTime:0.000342s ]
INFO: [ app_begin ] --START--
INFO: Run Behavior\ReadHtmlCacheBehavior [ RunTime:0.000426s ]
INFO: [ app_begin ] --END-- [ RunTime:0.000473s ]
ERR: 1146:Table 'html.news_article' doesn't exist
 [ SQL语句 ] : SHOW COLUMNS FROM `news_article`
ERR: 1146:Table 'html.news_article' doesn't exist
 [ SQL语句 ] : SHOW COLUMNS FROM `news_article`

[ 2016-06-06T15:22:00+08:00 ] 127.0.0.1 /demo/Demo2-13-4/index.php/News/index
INFO: [ app_init ] --START--
INFO: Run Behavior\BuildLiteBehavior [ RunTime:0.000027s ]
INFO: [ app_init ] --END-- [ RunTime:0.000735s ]
INFO: [ app_begin ] --START--
INFO: Run Behavior\ReadHtmlCacheBehavior [ RunTime:0.000785s ]
INFO: [ app_begin ] --END-- [ RunTime:0.000867s ]
ERR: 1146:Table 'html.news_article' doesn't exist
 [ SQL语句 ] : SHOW COLUMNS FROM `news_article`
ERR: 1146:Table 'html.news_article' doesn't exist
 [ SQL语句 ] : SHOW COLUMNS FROM `news_article`

